Started GET "/" for 127.0.0.1 at 2017-07-13 10:00:39 -0700
Processing by Rails::WelcomeController#index as HTML
  Rendering /Users/louiscruz/.rbenv/versions/2.4.1/lib/ruby/gems/2.4.0/gems/railties-5.1.2/lib/rails/templates/rails/welcome/index.html.erb
  Rendered /Users/louiscruz/.rbenv/versions/2.4.1/lib/ruby/gems/2.4.0/gems/railties-5.1.2/lib/rails/templates/rails/welcome/index.html.erb (8.3ms)
Completed 200 OK in 708ms (Views: 25.2ms)


Started GET "/books" for 127.0.0.1 at 2017-07-13 10:00:47 -0700
Processing by BooksController#index as HTML
Completed 500 Internal Server Error in 3ms


  
NameError (uninitialized constant BooksController::Book):
  
app/controllers/books_controller.rb:3:in `index'
  [1m[35m (61.0ms)[0m  [1m[35mCREATE TABLE "schema_migrations" ("version" character varying NOT NULL PRIMARY KEY)[0m
  [1m[35m (19.6ms)[0m  [1m[35mCREATE TABLE "ar_internal_metadata" ("key" character varying NOT NULL PRIMARY KEY, "value" character varying, "created_at" timestamp NOT NULL, "updated_at" timestamp NOT NULL)[0m
  [1m[35m (1.4ms)[0m  [1m[34mSELECT pg_try_advisory_lock(5288427128707212630);[0m
  [1m[35m (3.8ms)[0m  [1m[34mSELECT "schema_migrations"."version" FROM "schema_migrations" ORDER BY "schema_migrations"."version" ASC[0m
Migrating to CreateBooks (20170713170142)
  [1m[35m (0.6ms)[0m  [1m[34mSELECT pg_advisory_unlock(5288427128707212630)[0m
  [1m[35m (0.3ms)[0m  [1m[34mSELECT pg_try_advisory_lock(5288427128707212630);[0m
  [1m[35m (1.4ms)[0m  [1m[34mSELECT "schema_migrations"."version" FROM "schema_migrations" ORDER BY "schema_migrations"."version" ASC[0m
Migrating to CreateBooks (20170713170142)
  [1m[35m (0.2ms)[0m  [1m[35mBEGIN[0m
  [1m[35m (29.3ms)[0m  [1m[35mCREATE TABLE "books" ("id" bigserial primary key, "title" character varying NOT NULL, "author" character varying NOT NULL, "created_at" timestamp NOT NULL, "updated_at" timestamp NOT NULL)[0m
  [1m[35mSQL (0.8ms)[0m  [1m[32mINSERT INTO "schema_migrations" ("version") VALUES ($1) RETURNING "version"[0m  [["version", "20170713170142"]]
  [1m[35m (2.4ms)[0m  [1m[35mCOMMIT[0m
  [1m[36mActiveRecord::InternalMetadata Load (3.2ms)[0m  [1m[34mSELECT  "ar_internal_metadata".* FROM "ar_internal_metadata" WHERE "ar_internal_metadata"."key" = $1 LIMIT $2[0m  [["key", "environment"], ["LIMIT", 1]]
  [1m[35m (0.3ms)[0m  [1m[35mBEGIN[0m
  [1m[35mSQL (0.8ms)[0m  [1m[32mINSERT INTO "ar_internal_metadata" ("key", "value", "created_at", "updated_at") VALUES ($1, $2, $3, $4) RETURNING "key"[0m  [["key", "environment"], ["value", "development"], ["created_at", "2017-07-13 17:04:33.834685"], ["updated_at", "2017-07-13 17:04:33.834685"]]
  [1m[35m (2.4ms)[0m  [1m[35mCOMMIT[0m
  [1m[35m (0.4ms)[0m  [1m[34mSELECT pg_advisory_unlock(5288427128707212630)[0m
  [1m[35m (0.6ms)[0m  [1m[34mSELECT "schema_migrations"."version" FROM "schema_migrations" ORDER BY "schema_migrations"."version" ASC[0m
Started GET "/books" for 127.0.0.1 at 2017-07-13 10:05:04 -0700
  [1m[35m (1.4ms)[0m  [1m[34mSELECT "schema_migrations"."version" FROM "schema_migrations" ORDER BY "schema_migrations"."version" ASC[0m
Processing by BooksController#index as HTML
Completed 500 Internal Server Error in 42ms (ActiveRecord: 0.0ms)


  
ActionView::MissingTemplate (Missing template books/index, application/index with {:locale=>[:en], :formats=>[:html], :variants=>[], :handlers=>[:raw, :erb, :html, :builder, :ruby, :coffee, :jbuilder]}. Searched in:
  * "/Users/louiscruz/Desktop/app-academy-repos/curriculum/rails/homeworks/library/solution/app/views"
):
  
app/controllers/books_controller.rb:7:in `index'
Started GET "/books" for 127.0.0.1 at 2017-07-13 10:05:33 -0700
Processing by BooksController#index as HTML
  Rendering books/index.html.erb within layouts/application
  [1m[36mBook Load (3.5ms)[0m  [1m[34mSELECT "books".* FROM "books"[0m
  Rendered books/index.html.erb within layouts/application (25.3ms)
Completed 200 OK in 903ms (Views: 887.4ms | ActiveRecord: 14.9ms)


Started GET "/books/new" for 127.0.0.1 at 2017-07-13 10:05:38 -0700
Processing by BooksController#new as HTML
  Rendering books/new.html.erb within layouts/application
  Rendered books/new.html.erb within layouts/application (1.9ms)
Completed 200 OK in 42ms (Views: 40.8ms | ActiveRecord: 0.0ms)


Started GET "/books" for 127.0.0.1 at 2017-07-13 10:05:57 -0700
  [1m[35m (1.2ms)[0m  [1m[34mSELECT "schema_migrations"."version" FROM "schema_migrations" ORDER BY "schema_migrations"."version" ASC[0m
Processing by BooksController#index as HTML
  Rendering books/index.html.erb within layouts/application
  [1m[36mBook Load (1.1ms)[0m  [1m[34mSELECT "books".* FROM "books"[0m
  Rendered books/index.html.erb within layouts/application (9.7ms)
Completed 200 OK in 364ms (Views: 340.8ms | ActiveRecord: 4.0ms)


  [1m[35m (1.0ms)[0m  [1m[34mSELECT "schema_migrations"."version" FROM "schema_migrations" ORDER BY "schema_migrations"."version" ASC[0m
  [1m[35m (0.3ms)[0m  [1m[35mBEGIN[0m
  [1m[35mSQL (1.2ms)[0m  [1m[32mINSERT INTO "books" ("title", "author", "created_at", "updated_at") VALUES ($1, $2, $3, $4) RETURNING "id"[0m  [["title", "Harry Potter and the Order of the Phoenix"], ["author", "J.K. Rowling"], ["created_at", "2017-07-13 17:06:17.207858"], ["updated_at", "2017-07-13 17:06:17.207858"]]
  [1m[35m (2.4ms)[0m  [1m[35mCOMMIT[0m
  [1m[35m (0.2ms)[0m  [1m[35mBEGIN[0m
  [1m[35mSQL (0.5ms)[0m  [1m[32mINSERT INTO "books" ("title", "author", "created_at", "updated_at") VALUES ($1, $2, $3, $4) RETURNING "id"[0m  [["title", "Lost Names"], ["author", "Richard E. Kim"], ["created_at", "2017-07-13 17:06:17.214110"], ["updated_at", "2017-07-13 17:06:17.214110"]]
  [1m[35m (2.4ms)[0m  [1m[35mCOMMIT[0m
  [1m[35m (0.2ms)[0m  [1m[35mBEGIN[0m
  [1m[35mSQL (0.4ms)[0m  [1m[32mINSERT INTO "books" ("title", "author", "created_at", "updated_at") VALUES ($1, $2, $3, $4) RETURNING "id"[0m  [["title", "Extremely Loud and Incredibly Close"], ["author", "Jonathan Safran Foer"], ["created_at", "2017-07-13 17:06:17.218872"], ["updated_at", "2017-07-13 17:06:17.218872"]]
  [1m[35m (2.3ms)[0m  [1m[35mCOMMIT[0m
  [1m[35m (0.2ms)[0m  [1m[35mBEGIN[0m
  [1m[35mSQL (0.5ms)[0m  [1m[32mINSERT INTO "books" ("title", "author", "created_at", "updated_at") VALUES ($1, $2, $3, $4) RETURNING "id"[0m  [["title", "Man Alive"], ["author", "Thomas Page McBee"], ["created_at", "2017-07-13 17:06:17.223380"], ["updated_at", "2017-07-13 17:06:17.223380"]]
  [1m[35m (2.7ms)[0m  [1m[35mCOMMIT[0m
  [1m[35m (0.2ms)[0m  [1m[35mBEGIN[0m
  [1m[35mSQL (0.4ms)[0m  [1m[32mINSERT INTO "books" ("title", "author", "created_at", "updated_at") VALUES ($1, $2, $3, $4) RETURNING "id"[0m  [["title", "The Argonauts"], ["author", "Maggie Nelson"], ["created_at", "2017-07-13 17:06:17.228339"], ["updated_at", "2017-07-13 17:06:17.228339"]]
  [1m[35m (2.3ms)[0m  [1m[35mCOMMIT[0m
  [1m[35m (0.2ms)[0m  [1m[35mBEGIN[0m
  [1m[35mSQL (0.6ms)[0m  [1m[32mINSERT INTO "books" ("title", "author", "created_at", "updated_at") VALUES ($1, $2, $3, $4) RETURNING "id"[0m  [["title", "A Little Life"], ["author", "Hanya Yanagihara"], ["created_at", "2017-07-13 17:06:17.233093"], ["updated_at", "2017-07-13 17:06:17.233093"]]
  [1m[35m (2.3ms)[0m  [1m[35mCOMMIT[0m
  [1m[35m (0.2ms)[0m  [1m[35mBEGIN[0m
  [1m[35mSQL (0.6ms)[0m  [1m[32mINSERT INTO "books" ("title", "author", "created_at", "updated_at") VALUES ($1, $2, $3, $4) RETURNING "id"[0m  [["title", "The Sovereignty of Quiet"], ["author", "Kevin Everod Quashie"], ["created_at", "2017-07-13 17:06:17.238373"], ["updated_at", "2017-07-13 17:06:17.238373"]]
  [1m[35m (2.3ms)[0m  [1m[35mCOMMIT[0m
  [1m[35m (0.2ms)[0m  [1m[35mBEGIN[0m
  [1m[35mSQL (0.6ms)[0m  [1m[32mINSERT INTO "books" ("title", "author", "created_at", "updated_at") VALUES ($1, $2, $3, $4) RETURNING "id"[0m  [["title", "Redefining Realness"], ["author", "Janet Mock"], ["created_at", "2017-07-13 17:06:17.243690"], ["updated_at", "2017-07-13 17:06:17.243690"]]
  [1m[35m (2.3ms)[0m  [1m[35mCOMMIT[0m
Started GET "/books" for 127.0.0.1 at 2017-07-13 10:06:34 -0700
  [1m[35m (1.8ms)[0m  [1m[34mSELECT "schema_migrations"."version" FROM "schema_migrations" ORDER BY "schema_migrations"."version" ASC[0m
Processing by BooksController#index as HTML
  Rendering books/index.html.erb within layouts/application
  [1m[36mBook Load (2.0ms)[0m  [1m[34mSELECT "books".* FROM "books"[0m
  Rendered books/index.html.erb within layouts/application (20.6ms)
Completed 200 OK in 290ms (Views: 267.7ms | ActiveRecord: 7.9ms)


Started DELETE "/books/1" for 127.0.0.1 at 2017-07-13 10:06:42 -0700
Processing by BooksController#destroy as HTML
  Parameters: {"authenticity_token"=>"BucOrDSQQzrYnFs2vg2QfkljN4q5ySll8BM6/zjZSJeBHmq0n2Vple4x8aVxJSPyepEMhaxtp4vIow5tDNrEVA==", "id"=>"1"}
  [1m[36mBook Load (0.4ms)[0m  [1m[34mSELECT  "books".* FROM "books" WHERE "books"."id" = $1 LIMIT $2[0m  [["id", 1], ["LIMIT", 1]]
  [1m[35m (0.2ms)[0m  [1m[35mBEGIN[0m
  [1m[35mSQL (0.4ms)[0m  [1m[31mDELETE FROM "books" WHERE "books"."id" = $1[0m  [["id", 1]]
  [1m[35m (2.5ms)[0m  [1m[35mCOMMIT[0m
Redirected to http://localhost:3000/books
Completed 302 Found in 12ms (ActiveRecord: 3.9ms)


Started GET "/books" for 127.0.0.1 at 2017-07-13 10:06:42 -0700
Processing by BooksController#index as HTML
  Rendering books/index.html.erb within layouts/application
  [1m[36mBook Load (0.3ms)[0m  [1m[34mSELECT "books".* FROM "books"[0m
  Rendered books/index.html.erb within layouts/application (3.6ms)
Completed 200 OK in 39ms (Views: 37.7ms | ActiveRecord: 0.3ms)


  [1m[35mSQL (0.5ms)[0m  [1m[35mCREATE EXTENSION IF NOT EXISTS "plpgsql"[0m
  [1m[35m (0.9ms)[0m  [1m[35mDROP TABLE IF EXISTS "books" CASCADE[0m
  [1m[35m (11.6ms)[0m  [1m[35mCREATE TABLE "books" ("id" bigserial primary key, "title" character varying NOT NULL, "author" character varying NOT NULL, "created_at" timestamp NOT NULL, "updated_at" timestamp NOT NULL)[0m
  [1m[35m (9.5ms)[0m  [1m[35mCREATE TABLE "schema_migrations" ("version" character varying NOT NULL PRIMARY KEY)[0m
  [1m[35m (0.5ms)[0m  [1m[34mSELECT "schema_migrations"."version" FROM "schema_migrations" ORDER BY "schema_migrations"."version" ASC[0m
  [1m[35m (1.3ms)[0m  [1m[32mINSERT INTO "schema_migrations" (version) VALUES (20170713170142)[0m
  [1m[35m (7.2ms)[0m  [1m[35mCREATE TABLE "ar_internal_metadata" ("key" character varying NOT NULL PRIMARY KEY, "value" character varying, "created_at" timestamp NOT NULL, "updated_at" timestamp NOT NULL)[0m
  [1m[36mActiveRecord::InternalMetadata Load (0.4ms)[0m  [1m[34mSELECT  "ar_internal_metadata".* FROM "ar_internal_metadata" WHERE "ar_internal_metadata"."key" = $1 LIMIT $2[0m  [["key", "environment"], ["LIMIT", 1]]
  [1m[35m (0.1ms)[0m  [1m[35mBEGIN[0m
  [1m[35mSQL (0.3ms)[0m  [1m[32mINSERT INTO "ar_internal_metadata" ("key", "value", "created_at", "updated_at") VALUES ($1, $2, $3, $4) RETURNING "key"[0m  [["key", "environment"], ["value", "development"], ["created_at", "2017-12-24 06:08:41.622248"], ["updated_at", "2017-12-24 06:08:41.622248"]]
  [1m[35m (0.9ms)[0m  [1m[35mCOMMIT[0m
  [1m[36mActiveRecord::InternalMetadata Load (0.2ms)[0m  [1m[34mSELECT  "ar_internal_metadata".* FROM "ar_internal_metadata" WHERE "ar_internal_metadata"."key" = $1 LIMIT $2[0m  [["key", "environment"], ["LIMIT", 1]]
  [1m[35m (0.2ms)[0m  [1m[35mBEGIN[0m
  [1m[35m (0.2ms)[0m  [1m[35mCOMMIT[0m
  [1m[35mSQL (0.4ms)[0m  [1m[35mCREATE EXTENSION IF NOT EXISTS "plpgsql"[0m
  [1m[35m (0.3ms)[0m  [1m[35mDROP TABLE IF EXISTS "books" CASCADE[0m
  [1m[35m (10.3ms)[0m  [1m[35mCREATE TABLE "books" ("id" bigserial primary key, "title" character varying NOT NULL, "author" character varying NOT NULL, "created_at" timestamp NOT NULL, "updated_at" timestamp NOT NULL)[0m
  [1m[35m (7.9ms)[0m  [1m[35mCREATE TABLE "schema_migrations" ("version" character varying NOT NULL PRIMARY KEY)[0m
  [1m[35m (0.7ms)[0m  [1m[34mSELECT "schema_migrations"."version" FROM "schema_migrations" ORDER BY "schema_migrations"."version" ASC[0m
  [1m[35m (1.3ms)[0m  [1m[32mINSERT INTO "schema_migrations" (version) VALUES (20170713170142)[0m
  [1m[35m (5.4ms)[0m  [1m[35mCREATE TABLE "ar_internal_metadata" ("key" character varying NOT NULL PRIMARY KEY, "value" character varying, "created_at" timestamp NOT NULL, "updated_at" timestamp NOT NULL)[0m
  [1m[36mActiveRecord::InternalMetadata Load (0.5ms)[0m  [1m[34mSELECT  "ar_internal_metadata".* FROM "ar_internal_metadata" WHERE "ar_internal_metadata"."key" = $1 LIMIT $2[0m  [["key", "environment"], ["LIMIT", 1]]
  [1m[35m (0.2ms)[0m  [1m[35mBEGIN[0m
  [1m[35mSQL (0.3ms)[0m  [1m[32mINSERT INTO "ar_internal_metadata" ("key", "value", "created_at", "updated_at") VALUES ($1, $2, $3, $4) RETURNING "key"[0m  [["key", "environment"], ["value", "development"], ["created_at", "2017-12-24 06:08:41.682567"], ["updated_at", "2017-12-24 06:08:41.682567"]]
  [1m[35m (0.8ms)[0m  [1m[35mCOMMIT[0m
  [1m[36mActiveRecord::InternalMetadata Load (0.2ms)[0m  [1m[34mSELECT  "ar_internal_metadata".* FROM "ar_internal_metadata" WHERE "ar_internal_metadata"."key" = $1 LIMIT $2[0m  [["key", "environment"], ["LIMIT", 1]]
  [1m[35m (0.1ms)[0m  [1m[35mBEGIN[0m
  [1m[35m (0.1ms)[0m  [1m[35mCOMMIT[0m
  [1m[35m (0.6ms)[0m  [1m[34mSELECT "schema_migrations"."version" FROM "schema_migrations" ORDER BY "schema_migrations"."version" ASC[0m
  [1m[35m (0.3ms)[0m  [1m[35mBEGIN[0m
  [1m[35mSQL (0.5ms)[0m  [1m[32mINSERT INTO "books" ("title", "author", "created_at", "updated_at") VALUES ($1, $2, $3, $4) RETURNING "id"[0m  [["title", "Harry Potter and the Order of the Phoenix"], ["author", "J.K. Rowling"], ["created_at", "2017-12-24 06:08:41.717633"], ["updated_at", "2017-12-24 06:08:41.717633"]]
  [1m[35m (1.0ms)[0m  [1m[35mCOMMIT[0m
  [1m[35m (0.2ms)[0m  [1m[35mBEGIN[0m
  [1m[35mSQL (0.3ms)[0m  [1m[32mINSERT INTO "books" ("title", "author", "created_at", "updated_at") VALUES ($1, $2, $3, $4) RETURNING "id"[0m  [["title", "Lost Names"], ["author", "Richard E. Kim"], ["created_at", "2017-12-24 06:08:41.720967"], ["updated_at", "2017-12-24 06:08:41.720967"]]
  [1m[35m (0.9ms)[0m  [1m[35mCOMMIT[0m
  [1m[35m (0.2ms)[0m  [1m[35mBEGIN[0m
  [1m[35mSQL (0.2ms)[0m  [1m[32mINSERT INTO "books" ("title", "author", "created_at", "updated_at") VALUES ($1, $2, $3, $4) RETURNING "id"[0m  [["title", "Extremely Loud and Incredibly Close"], ["author", "Jonathan Safran Foer"], ["created_at", "2017-12-24 06:08:41.723646"], ["updated_at", "2017-12-24 06:08:41.723646"]]
  [1m[35m (0.9ms)[0m  [1m[35mCOMMIT[0m
  [1m[35m (0.2ms)[0m  [1m[35mBEGIN[0m
  [1m[35mSQL (0.3ms)[0m  [1m[32mINSERT INTO "books" ("title", "author", "created_at", "updated_at") VALUES ($1, $2, $3, $4) RETURNING "id"[0m  [["title", "Man Alive"], ["author", "Thomas Page McBee"], ["created_at", "2017-12-24 06:08:41.726114"], ["updated_at", "2017-12-24 06:08:41.726114"]]
  [1m[35m (1.0ms)[0m  [1m[35mCOMMIT[0m
  [1m[35m (0.2ms)[0m  [1m[35mBEGIN[0m
  [1m[35mSQL (0.3ms)[0m  [1m[32mINSERT INTO "books" ("title", "author", "created_at", "updated_at") VALUES ($1, $2, $3, $4) RETURNING "id"[0m  [["title", "The Argonauts"], ["author", "Maggie Nelson"], ["created_at", "2017-12-24 06:08:41.728860"], ["updated_at", "2017-12-24 06:08:41.728860"]]
  [1m[35m (1.0ms)[0m  [1m[35mCOMMIT[0m
  [1m[35m (0.2ms)[0m  [1m[35mBEGIN[0m
  [1m[35mSQL (0.3ms)[0m  [1m[32mINSERT INTO "books" ("title", "author", "created_at", "updated_at") VALUES ($1, $2, $3, $4) RETURNING "id"[0m  [["title", "A Little Life"], ["author", "Hanya Yanagihara"], ["created_at", "2017-12-24 06:08:41.731756"], ["updated_at", "2017-12-24 06:08:41.731756"]]
  [1m[35m (1.1ms)[0m  [1m[35mCOMMIT[0m
  [1m[35m (0.2ms)[0m  [1m[35mBEGIN[0m
  [1m[35mSQL (0.4ms)[0m  [1m[32mINSERT INTO "books" ("title", "author", "created_at", "updated_at") VALUES ($1, $2, $3, $4) RETURNING "id"[0m  [["title", "The Sovereignty of Quiet"], ["author", "Kevin Everod Quashie"], ["created_at", "2017-12-24 06:08:41.734990"], ["updated_at", "2017-12-24 06:08:41.734990"]]
  [1m[35m (1.0ms)[0m  [1m[35mCOMMIT[0m
  [1m[35m (0.2ms)[0m  [1m[35mBEGIN[0m
  [1m[35mSQL (0.3ms)[0m  [1m[32mINSERT INTO "books" ("title", "author", "created_at", "updated_at") VALUES ($1, $2, $3, $4) RETURNING "id"[0m  [["title", "Redefining Realness"], ["author", "Janet Mock"], ["created_at", "2017-12-24 06:08:41.737965"], ["updated_at", "2017-12-24 06:08:41.737965"]]
  [1m[35m (1.0ms)[0m  [1m[35mCOMMIT[0m
Started GET "/books" for 127.0.0.1 at 2017-12-23 22:13:58 -0800
  [1m[35m (0.6ms)[0m  [1m[34mSELECT "schema_migrations"."version" FROM "schema_migrations" ORDER BY "schema_migrations"."version" ASC[0m
Processing by BooksController#index as HTML
  Rendering books/index.html.erb within layouts/application
  Rendered books/index.html.erb within layouts/application (6.2ms)
Completed 500 Internal Server Error in 22ms (ActiveRecord: 0.0ms)


  
ActionView::Template::Error (undefined method `each' for nil:NilClass):
    1: <h1>Books</h1>
    2: 
    3: <ul>
    4:   <% @books.each do |book| %>
    5:     <li><%= book.title %> by <%= book.author %></li>
    6:     <%= button_to "delete", book_url(book), method: :delete %>
    7:     <br>
  
app/views/books/index.html.erb:4:in `_app_views_books_index_html_erb__3935559221963716719_70015689065520'
Started GET "/books" for 127.0.0.1 at 2017-12-23 22:14:16 -0800
Processing by BooksController#index as HTML
  Rendering books/index.html.erb within layouts/application
  Rendered books/index.html.erb within layouts/application (2.8ms)
Completed 500 Internal Server Error in 6ms (ActiveRecord: 0.0ms)


  
ActionView::Template::Error (undefined method `each' for nil:NilClass):
    1: <h1>Books</h1>
    2: 
    3: <ul>
    4:   <% @books.each do |book| %>
    5:     <li><%= book.title %> by <%= book.author %></li>
    6:     <%= button_to "delete", book_url(book), method: :delete %>
    7:     <br>
  
app/views/books/index.html.erb:4:in `_app_views_books_index_html_erb__3935559221963716719_70015785146360'
  [1m[36mBook Load (0.3ms)[0m  [1m[34mSELECT "books".* FROM "books"[0m
Started GET "/books" for 127.0.0.1 at 2017-12-23 22:23:11 -0800
  [1m[35m (0.4ms)[0m  [1m[34mSELECT "schema_migrations"."version" FROM "schema_migrations" ORDER BY "schema_migrations"."version" ASC[0m
Processing by BooksController#index as HTML
  [1m[36mBook Load (0.4ms)[0m  [1m[34mSELECT "books".* FROM "books"[0m
Completed 200 OK in 25ms (Views: 12.0ms | ActiveRecord: 4.7ms)


Started GET "/books" for 127.0.0.1 at 2017-12-23 22:23:56 -0800
Processing by BooksController#index as HTML
  [1m[36mBook Load (0.5ms)[0m  [1m[34mSELECT "books".* FROM "books"[0m
Completed 200 OK in 29ms (Views: 16.3ms | ActiveRecord: 8.5ms)


Started GET "/books" for 127.0.0.1 at 2017-12-23 22:24:36 -0800
Processing by BooksController#index as HTML
  [1m[36mBook Load (0.3ms)[0m  [1m[34mSELECT "books".* FROM "books"[0m
Completed 200 OK in 6ms (Views: 5.0ms | ActiveRecord: 0.3ms)


Started GET "/books" for 127.0.0.1 at 2017-12-23 22:26:11 -0800
Processing by BooksController#index as HTML
  [1m[36mBook Load (0.3ms)[0m  [1m[34mSELECT "books".* FROM "books"[0m
Completed 200 OK in 21ms (Views: 14.5ms | ActiveRecord: 3.6ms)


Started GET "/books" for 127.0.0.1 at 2017-12-23 22:28:21 -0800
Processing by BooksController#index as HTML
  [1m[36mBook Load (0.4ms)[0m  [1m[34mSELECT "books".* FROM "books"[0m
Completed 500 Internal Server Error in 37ms (ActiveRecord: 4.9ms)


  
ActionView::MissingTemplate (Missing partial books/_book with {:locale=>[:en], :formats=>[:html], :variants=>[], :handlers=>[:raw, :erb, :html, :builder, :ruby, :coffee, :jbuilder]}. Searched in:
  * "/home/luu/aA-homeworks/W4D1/app/views"
):
  
app/controllers/books_controller.rb:5:in `index'
Started GET "/books" for 127.0.0.1 at 2017-12-23 22:34:40 -0800
Processing by BooksController#index as */*
  [1m[36mBook Load (0.2ms)[0m  [1m[34mSELECT "books".* FROM "books"[0m
Completed 500 Internal Server Error in 4ms (ActiveRecord: 0.2ms)


  
ActionView::MissingTemplate (Missing partial books/_book with {:locale=>[:en], :formats=>[:html, :text, :js, :css, :ics, :csv, :vcf, :png, :jpeg, :gif, :bmp, :tiff, :svg, :mpeg, :xml, :rss, :atom, :yaml, :multipart_form, :url_encoded_form, :json, :pdf, :zip, :gzip], :variants=>[], :handlers=>[:raw, :erb, :html, :builder, :ruby, :coffee, :jbuilder]}. Searched in:
  * "/home/luu/aA-homeworks/W4D1/app/views"
):
  
app/controllers/books_controller.rb:5:in `index'
Started GET "/books" for 127.0.0.1 at 2017-12-23 22:36:36 -0800
Processing by BooksController#index as */*
  [1m[36mBook Load (0.5ms)[0m  [1m[34mSELECT "books".* FROM "books"[0m
Completed 200 OK in 22ms (Views: 12.3ms | ActiveRecord: 6.6ms)


Started GET "/books" for 127.0.0.1 at 2017-12-23 22:40:57 -0800
Processing by BooksController#index as HTML
  [1m[36mBook Load (0.5ms)[0m  [1m[34mSELECT  "books".* FROM "books" LIMIT $1[0m  [["LIMIT", 11]]
Completed 500 Internal Server Error in 34ms (ActiveRecord: 0.0ms)


  
  [1m[36mCACHE Book Load (0.0ms)[0m  [1m[34mSELECT  "books".* FROM "books" LIMIT $1[0m  [["LIMIT", 11]]
NoMethodError (undefined method `keys' for #<Book::ActiveRecord_Relation:0x007f7dd0079568>):
  
app/controllers/books_controller.rb:5:in `index'
Started GET "/books" for 127.0.0.1 at 2017-12-23 22:41:19 -0800
Processing by BooksController#index as HTML
  [1m[36mBook Load (0.8ms)[0m  [1m[34mSELECT "books".* FROM "books"[0m
Completed 500 Internal Server Error in 18ms (ActiveRecord: 4.6ms)


  
ActionView::MissingTemplate (Missing partial books/_book with {:locale=>[:en], :formats=>[:html], :variants=>[], :handlers=>[:raw, :erb, :html, :builder, :ruby, :coffee, :jbuilder]}. Searched in:
  * "/home/luu/aA-homeworks/W4D1/app/views"
):
  
app/controllers/books_controller.rb:5:in `index'
Started GET "/books" for 127.0.0.1 at 2017-12-23 22:44:11 -0800
Processing by BooksController#index as HTML
  [1m[36mBook Load (0.5ms)[0m  [1m[34mSELECT "books".* FROM "books"[0m
Completed 500 Internal Server Error in 18ms (ActiveRecord: 4.9ms)


  
ActionView::MissingTemplate (Missing partial books/_book, application/_book with {:locale=>[:en], :formats=>[:html], :variants=>[], :handlers=>[:raw, :erb, :html, :builder, :ruby, :coffee, :jbuilder]}. Searched in:
  * "/home/luu/aA-homeworks/W4D1/app/views"
):
  
app/controllers/books_controller.rb:5:in `index'
Started GET "/books" for 127.0.0.1 at 2017-12-23 22:44:39 -0800
Processing by BooksController#index as HTML
  Rendering books/index.html.erb within layouts/application
  [1m[36mBook Load (0.3ms)[0m  [1m[34mSELECT "books".* FROM "books"[0m
  Rendered books/index.html.erb within layouts/application (23.4ms)
Completed 200 OK in 289ms (Views: 281.0ms | ActiveRecord: 5.6ms)


Started GET "/books" for 127.0.0.1 at 2017-12-23 22:45:04 -0800
Processing by BooksController#index as */*
  Rendering books/index.html.erb within layouts/application
  [1m[36mBook Load (0.2ms)[0m  [1m[34mSELECT "books".* FROM "books"[0m
  Rendered books/index.html.erb within layouts/application (11.3ms)
Completed 200 OK in 40ms (Views: 33.2ms | ActiveRecord: 3.8ms)


Started GET "/books/new" for 127.0.0.1 at 2017-12-23 22:47:06 -0800
Processing by BooksController#new as HTML
  Rendering books/new.html.erb within layouts/application
  Rendered books/new.html.erb within layouts/application (1.2ms)
Completed 200 OK in 29ms (Views: 28.0ms | ActiveRecord: 0.0ms)


Started GET "/books/new" for 127.0.0.1 at 2017-12-23 22:55:22 -0800
Processing by BooksController#new as HTML
  Rendering books/new.html.erb within layouts/application
  Rendered books/new.html.erb within layouts/application (2.1ms)
Completed 200 OK in 48ms (Views: 46.4ms | ActiveRecord: 0.0ms)


Started POST "/books" for 127.0.0.1 at 2017-12-23 22:55:35 -0800
Processing by BooksController#create as HTML
  Parameters: {"authenticity_token"=>"RXVeYeYS8UzXeTpuXYOXvuZ2kt4MEdJDgj7x0VjzuOoZfh01y+oWdAuNKlzsvZwXj2hOczegaFQcTTXRSX9dSA==", "book"=>{"title"=>"Learning Rails", "author"=>"Lu Fan"}}
Completed 200 OK in 2ms (Views: 0.4ms | ActiveRecord: 0.0ms)


  [1m[36mBook Load (0.3ms)[0m  [1m[34mSELECT  "books".* FROM "books" WHERE "books"."id" = $1 LIMIT $2[0m  [["id", 1], ["LIMIT", 1]]
Started GET "/books" for 127.0.0.1 at 2017-12-23 23:02:09 -0800
Processing by BooksController#index as HTML
  Rendering books/index.html.erb within layouts/application
  [1m[36mBook Load (0.4ms)[0m  [1m[34mSELECT "books".* FROM "books"[0m
  Rendered books/index.html.erb within layouts/application (32.9ms)
Completed 200 OK in 100ms (Views: 85.2ms | ActiveRecord: 6.5ms)


Started GET "/books/new" for 127.0.0.1 at 2017-12-23 23:02:11 -0800
Processing by BooksController#new as HTML
  Rendering books/new.html.erb within layouts/application
  Rendered books/new.html.erb within layouts/application (2.1ms)
Completed 200 OK in 62ms (Views: 57.4ms | ActiveRecord: 0.0ms)


Started DELETE "/books/1" for 127.0.0.1 at 2017-12-23 23:02:14 -0800
Processing by BooksController#destroy as HTML
  Parameters: {"authenticity_token"=>"AFwj15IfD9visL6eVKwR9OrYQrHKgw6ktUyf1eglTD9P/9j53OO3B3uyT/CYucI82/HMC27ltL21F9Zlwh6sZA==", "id"=>"1"}
  [1m[36mBook Load (0.6ms)[0m  [1m[34mSELECT  "books".* FROM "books" WHERE "books"."id" = $1 LIMIT $2[0m  [["id", 1], ["LIMIT", 1]]
  [1m[35m (0.2ms)[0m  [1m[35mBEGIN[0m
  [1m[35mSQL (0.7ms)[0m  [1m[31mDELETE FROM "books" WHERE "books"."id" = $1[0m  [["id", 1]]
  [1m[35m (5.3ms)[0m  [1m[35mCOMMIT[0m
Completed 500 Internal Server Error in 39ms (ActiveRecord: 7.2ms)


  
ActionView::MissingTemplate (Missing template books/destroy, application/destroy with {:locale=>[:en], :formats=>[:html], :variants=>[], :handlers=>[:raw, :erb, :html, :builder, :ruby, :coffee, :jbuilder]}. Searched in:
  * "/home/luu/aA-homeworks/W4D1/app/views"
):
  
app/controllers/books_controller.rb:24:in `destroy'
Started GET "/books" for 127.0.0.1 at 2017-12-23 23:05:17 -0800
Processing by BooksController#index as HTML
  Rendering books/index.html.erb within layouts/application
  [1m[36mBook Load (0.5ms)[0m  [1m[34mSELECT "books".* FROM "books"[0m
  Rendered books/index.html.erb within layouts/application (19.5ms)
Completed 200 OK in 41ms (Views: 32.2ms | ActiveRecord: 4.2ms)


Started GET "/books" for 127.0.0.1 at 2017-12-23 23:05:28 -0800
Processing by BooksController#index as HTML
  Rendering books/index.html.erb within layouts/application
  [1m[36mBook Load (0.7ms)[0m  [1m[34mSELECT "books".* FROM "books"[0m
  Rendered books/index.html.erb within layouts/application (35.6ms)
Completed 200 OK in 84ms (Views: 70.7ms | ActiveRecord: 10.0ms)


Started GET "/books/new" for 127.0.0.1 at 2017-12-23 23:06:16 -0800
Processing by BooksController#new as HTML
  Rendering books/new.html.erb within layouts/application
  Rendered books/new.html.erb within layouts/application (1.2ms)
Completed 200 OK in 44ms (Views: 42.3ms | ActiveRecord: 0.0ms)


Started POST "/books" for 127.0.0.1 at 2017-12-23 23:06:24 -0800
Processing by BooksController#create as HTML
  Parameters: {"authenticity_token"=>"qR531q3Q+zi9R2RNqLUIy6akfszPquIHL6WvFK0l+o71FTSCgCgcAGGzdH8ZiwNiz7qiYfQbWBCx1msUvKkfLA==", "book"=>{"title"=>"Learning Routes", "author"=>"Lu Fan"}}
  [1m[35m (0.3ms)[0m  [1m[35mBEGIN[0m
  [1m[35mSQL (0.7ms)[0m  [1m[32mINSERT INTO "books" ("title", "author", "created_at", "updated_at") VALUES ($1, $2, $3, $4) RETURNING "id"[0m  [["title", "Learning Routes"], ["author", "Lu Fan"], ["created_at", "2017-12-24 07:06:24.205245"], ["updated_at", "2017-12-24 07:06:24.205245"]]
  [1m[35m (1.0ms)[0m  [1m[35mCOMMIT[0m
Redirected to http://localhost:3000/books
Completed 302 Found in 31ms (ActiveRecord: 9.2ms)


Started GET "/books" for 127.0.0.1 at 2017-12-23 23:06:24 -0800
Processing by BooksController#index as HTML
  Rendering books/index.html.erb within layouts/application
  [1m[36mBook Load (0.4ms)[0m  [1m[34mSELECT "books".* FROM "books"[0m
  Rendered books/index.html.erb within layouts/application (6.7ms)
Completed 200 OK in 31ms (Views: 29.9ms | ActiveRecord: 0.4ms)


Started GET "/books/new" for 127.0.0.1 at 2017-12-23 23:06:53 -0800
Processing by BooksController#new as HTML
  Rendering books/new.html.erb within layouts/application
  Rendered books/new.html.erb within layouts/application (4.2ms)
Completed 200 OK in 40ms (Views: 36.7ms | ActiveRecord: 0.0ms)


Started POST "/books" for 127.0.0.1 at 2017-12-23 23:07:03 -0800
Processing by BooksController#create as HTML
  Parameters: {"authenticity_token"=>"fYunot0Py0lpI9jfZjwTBMgmYCNt5c0eKPayUi6jT5whgOT28PcscbXXyO3XAhitoTi8jlZUdwm2hXZSPy+qPg==", "book"=>{"title"=>"Learning Controller", "author"=>"Lu Fan"}}
  [1m[35m (0.5ms)[0m  [1m[35mBEGIN[0m
  [1m[35mSQL (1.2ms)[0m  [1m[32mINSERT INTO "books" ("title", "author", "created_at", "updated_at") VALUES ($1, $2, $3, $4) RETURNING "id"[0m  [["title", "Learning Controller"], ["author", "Lu Fan"], ["created_at", "2017-12-24 07:07:03.459110"], ["updated_at", "2017-12-24 07:07:03.459110"]]
  [1m[35m (1.2ms)[0m  [1m[35mCOMMIT[0m
Redirected to 
Completed 500 Internal Server Error in 240ms (ActiveRecord: 18.6ms)


  
NoMethodError (undefined method `index_url' for #<BooksController:0x007f7dc11f7ae8>
Did you mean?  index):
  
app/controllers/books_controller.rb:16:in `create'
Started GET "/books/" for 127.0.0.1 at 2017-12-23 23:07:21 -0800
Processing by BooksController#index as HTML
  Rendering books/index.html.erb within layouts/application
  [1m[36mBook Load (0.4ms)[0m  [1m[34mSELECT "books".* FROM "books"[0m
  Rendered books/index.html.erb within layouts/application (15.8ms)
Completed 200 OK in 35ms (Views: 27.6ms | ActiveRecord: 5.1ms)


Started GET "/books/new" for 127.0.0.1 at 2017-12-23 23:07:24 -0800
Processing by BooksController#new as HTML
  Rendering books/new.html.erb within layouts/application
  Rendered books/new.html.erb within layouts/application (1.4ms)
Completed 200 OK in 70ms (Views: 67.7ms | ActiveRecord: 0.0ms)


Started POST "/books" for 127.0.0.1 at 2017-12-23 23:07:30 -0800
Processing by BooksController#create as HTML
  Parameters: {"authenticity_token"=>"KOk+TzsMLFsjpwYoTBSotuapQb/YpqyRHhoef0toNsd04n0bFvTLY/9TFhr9KqMfj7edEuMXFoaAadp/WuTTZQ==", "book"=>{"title"=>"3rd Book", "author"=>"Lu Fan"}}
  [1m[35m (0.3ms)[0m  [1m[35mBEGIN[0m
  [1m[35mSQL (1.4ms)[0m  [1m[32mINSERT INTO "books" ("title", "author", "created_at", "updated_at") VALUES ($1, $2, $3, $4) RETURNING "id"[0m  [["title", "3rd Book"], ["author", "Lu Fan"], ["created_at", "2017-12-24 07:07:30.555415"], ["updated_at", "2017-12-24 07:07:30.555415"]]
  [1m[35m (1.2ms)[0m  [1m[35mCOMMIT[0m
  Rendering books/index.html.erb within layouts/application
  Rendered books/index.html.erb within layouts/application (6.5ms)
Completed 500 Internal Server Error in 20ms (ActiveRecord: 2.9ms)


  
ActionView::Template::Error (undefined method `each' for nil:NilClass):
    1: <h1>Books</h1>
    2: 
    3: <ul>
    4:   <% @books.each do |book| %>
    5:     <li><%= book.title %> by <%= book.author %></li>
    6:     <%= button_to "delete", book_url(book), method: :delete %>
    7:     <br>
  
app/views/books/index.html.erb:4:in `_app_views_books_index_html_erb___2776505656649980553_70089045020480'
app/controllers/books_controller.rb:16:in `create'
Started GET "/books/" for 127.0.0.1 at 2017-12-23 23:08:05 -0800
Processing by BooksController#index as HTML
  Rendering books/index.html.erb within layouts/application
  [1m[36mBook Load (0.4ms)[0m  [1m[34mSELECT "books".* FROM "books"[0m
  Rendered books/index.html.erb within layouts/application (43.0ms)
Completed 200 OK in 82ms (Views: 60.8ms | ActiveRecord: 14.0ms)


Started GET "/books/new" for 127.0.0.1 at 2017-12-23 23:08:07 -0800
Processing by BooksController#new as HTML
  Rendering books/new.html.erb within layouts/application
  Rendered books/new.html.erb within layouts/application (2.1ms)
Completed 200 OK in 53ms (Views: 52.1ms | ActiveRecord: 0.0ms)


Started DELETE "/books/11" for 127.0.0.1 at 2017-12-23 23:08:11 -0800
Processing by BooksController#destroy as HTML
  Parameters: {"authenticity_token"=>"nhQcrmpERladskLFlZqBKT1h/xcaOTURJFkdUBDWG4WqXTS/L0TU5VVmBEBC996PTZ8Egp8Djor2Af3sqmZbXg==", "id"=>"11"}
  [1m[36mBook Load (1.7ms)[0m  [1m[34mSELECT  "books".* FROM "books" WHERE "books"."id" = $1 LIMIT $2[0m  [["id", 11], ["LIMIT", 1]]
  [1m[35m (0.7ms)[0m  [1m[35mBEGIN[0m
  [1m[35mSQL (0.7ms)[0m  [1m[31mDELETE FROM "books" WHERE "books"."id" = $1[0m  [["id", 11]]
  [1m[35m (4.6ms)[0m  [1m[35mCOMMIT[0m
No template found for BooksController#destroy, rendering head :no_content
Completed 204 No Content in 35ms (ActiveRecord: 7.7ms)


Started DELETE "/books/11" for 127.0.0.1 at 2017-12-23 23:08:13 -0800
Processing by BooksController#destroy as HTML
  Parameters: {"authenticity_token"=>"nhQcrmpERladskLFlZqBKT1h/xcaOTURJFkdUBDWG4WqXTS/L0TU5VVmBEBC996PTZ8Egp8Djor2Af3sqmZbXg==", "id"=>"11"}
  [1m[36mBook Load (0.3ms)[0m  [1m[34mSELECT  "books".* FROM "books" WHERE "books"."id" = $1 LIMIT $2[0m  [["id", 11], ["LIMIT", 1]]
Completed 500 Internal Server Error in 6ms (ActiveRecord: 0.3ms)


  
NoMethodError (undefined method `destroy' for nil:NilClass):
  
app/controllers/books_controller.rb:24:in `destroy'
Started DELETE "/books/11" for 127.0.0.1 at 2017-12-23 23:08:29 -0800
Processing by BooksController#destroy as HTML
  Parameters: {"authenticity_token"=>"5d9IrJRSqByqO2xjBJcABPn6R9AnPrP5iEq4IpMH0h251Av4uapPJHbPfFG1qQutkOSbfRyPCe4WOXwigos3vw==", "id"=>"11"}
  [1m[36mBook Load (0.8ms)[0m  [1m[34mSELECT  "books".* FROM "books" WHERE "books"."id" = $1 LIMIT $2[0m  [["id", 11], ["LIMIT", 1]]
Completed 500 Internal Server Error in 11ms (ActiveRecord: 2.5ms)


  
NoMethodError (undefined method `destroy' for nil:NilClass):
  
app/controllers/books_controller.rb:24:in `destroy'
Started DELETE "/books/11" for 127.0.0.1 at 2017-12-23 23:08:54 -0800
Processing by BooksController#destroy as HTML
  Parameters: {"authenticity_token"=>"5d9IrJRSqByqO2xjBJcABPn6R9AnPrP5iEq4IpMH0h251Av4uapPJHbPfFG1qQutkOSbfRyPCe4WOXwigos3vw==", "id"=>"11"}
  [1m[36mBook Load (0.5ms)[0m  [1m[34mSELECT  "books".* FROM "books" WHERE "books"."id" = $1 LIMIT $2[0m  [["id", 11], ["LIMIT", 1]]
Completed 500 Internal Server Error in 12ms (ActiveRecord: 2.9ms)


  
NoMethodError (undefined method `delete' for nil:NilClass):
  
app/controllers/books_controller.rb:24:in `destroy'
  [1m[36mBook Load (1.0ms)[0m  [1m[34mSELECT "books".* FROM "books"[0m
  [1m[35mSQL (1.4ms)[0m  [1m[31mDELETE FROM "books" WHERE "books"."id" = $1[0m  [["id", nil]]
  [1m[36mBook Load (1.3ms)[0m  [1m[34mSELECT "books".* FROM "books"[0m
  [1m[36mBook Load (0.4ms)[0m  [1m[34mSELECT  "books".* FROM "books" ORDER BY "books"."id" DESC LIMIT $1[0m  [["LIMIT", 1]]
  [1m[35mSQL (5.6ms)[0m  [1m[31mDELETE FROM "books" WHERE "books"."id" = $1[0m  [["id", 10]]
  [1m[36mBook Load (1.3ms)[0m  [1m[34mSELECT "books".* FROM "books"[0m
  [1m[36mBook Load (1.0ms)[0m  [1m[34mSELECT  "books".* FROM "books" WHERE "books"."id" = $1 LIMIT $2[0m  [["id", 9], ["LIMIT", 1]]
  [1m[35mSQL (5.5ms)[0m  [1m[31mDELETE FROM "books" WHERE "books"."id" = $1[0m  [["id", 9]]
  [1m[36mBook Load (1.4ms)[0m  [1m[34mSELECT "books".* FROM "books"[0m
Started GET "/books" for 127.0.0.1 at 2017-12-23 23:13:33 -0800
Processing by BooksController#index as HTML
  Rendering books/index.html.erb within layouts/application
  [1m[36mBook Load (0.7ms)[0m  [1m[34mSELECT "books".* FROM "books"[0m
  Rendered books/index.html.erb within layouts/application (21.5ms)
Completed 200 OK in 45ms (Views: 38.7ms | ActiveRecord: 4.8ms)


Started DELETE "/books/8" for 127.0.0.1 at 2017-12-23 23:13:39 -0800
Processing by BooksController#destroy as HTML
  Parameters: {"authenticity_token"=>"XyQ0I5Yvzdg10Vbqn52L0bx/Y4IgTtK1N73Rvi8dQrMDL3d3u9cq4OklRtguo4B41WG/Lxv/aKKpzhW+PpGnEQ==", "id"=>"8"}
  [1m[36mBook Load (6.8ms)[0m  [1m[34mSELECT  "books".* FROM "books" WHERE "books"."id" = $1 LIMIT $2[0m  [["id", 8], ["LIMIT", 1]]
  [1m[35mSQL (4.9ms)[0m  [1m[31mDELETE FROM "books" WHERE "books"."id" = $1[0m  [["id", 8]]
Redirected to http://localhost:3000/books
Completed 302 Found in 24ms (ActiveRecord: 11.6ms)


Started GET "/books" for 127.0.0.1 at 2017-12-23 23:13:39 -0800
Processing by BooksController#index as HTML
  Rendering books/index.html.erb within layouts/application
  [1m[36mBook Load (0.4ms)[0m  [1m[34mSELECT "books".* FROM "books"[0m
  Rendered books/index.html.erb within layouts/application (4.4ms)
Completed 200 OK in 30ms (Views: 29.1ms | ActiveRecord: 0.4ms)


Started GET "/books/new" for 127.0.0.1 at 2017-12-23 23:13:44 -0800
Processing by BooksController#new as HTML
  Rendering books/new.html.erb within layouts/application
  Rendered books/new.html.erb within layouts/application (1.5ms)
Completed 200 OK in 35ms (Views: 33.9ms | ActiveRecord: 0.0ms)


Started GET "/books" for 127.0.0.1 at 2017-12-23 23:13:48 -0800
Processing by BooksController#index as HTML
  Rendering books/index.html.erb within layouts/application
  [1m[36mBook Load (0.8ms)[0m  [1m[34mSELECT "books".* FROM "books"[0m
  Rendered books/index.html.erb within layouts/application (12.9ms)
Completed 200 OK in 37ms (Views: 33.8ms | ActiveRecord: 0.8ms)


