  [1m[35m (6.1ms)[0m  [1m[35mCREATE TABLE "schema_migrations" ("version" character varying NOT NULL PRIMARY KEY)[0m
  [1m[35m (2.4ms)[0m  [1m[35mCREATE TABLE "ar_internal_metadata" ("key" character varying NOT NULL PRIMARY KEY, "value" character varying, "created_at" timestamp NOT NULL, "updated_at" timestamp NOT NULL)[0m
  [1m[35m (0.2ms)[0m  [1m[34mSELECT pg_try_advisory_lock(4795219387431405660);[0m
  [1m[35m (0.4ms)[0m  [1m[34mSELECT "schema_migrations"."version" FROM "schema_migrations" ORDER BY "schema_migrations"."version" ASC[0m
Migrating to CreateCats (20170714053359)
  [1m[35m (0.1ms)[0m  [1m[35mBEGIN[0m
  [1m[35m (3.1ms)[0m  [1m[35mCREATE TABLE "cats" ("id" bigserial primary key, "name" character varying NOT NULL, "created_at" timestamp NOT NULL, "updated_at" timestamp NOT NULL)[0m
  [1m[35mSQL (0.6ms)[0m  [1m[32mINSERT INTO "schema_migrations" ("version") VALUES ($1) RETURNING "version"[0m  [["version", "20170714053359"]]
  [1m[35m (0.3ms)[0m  [1m[35mCOMMIT[0m
Migrating to CreateCorgis (20170714053409)
  [1m[35m (0.2ms)[0m  [1m[35mBEGIN[0m
  [1m[35m (2.6ms)[0m  [1m[35mCREATE TABLE "corgis" ("id" bigserial primary key, "name" character varying NOT NULL, "created_at" timestamp NOT NULL, "updated_at" timestamp NOT NULL)[0m
  [1m[35mSQL (0.2ms)[0m  [1m[32mINSERT INTO "schema_migrations" ("version") VALUES ($1) RETURNING "version"[0m  [["version", "20170714053409"]]
  [1m[35m (0.3ms)[0m  [1m[35mCOMMIT[0m
Migrating to CreateToys (20170714053516)
  [1m[35m (0.2ms)[0m  [1m[35mBEGIN[0m
  [1m[35m (3.3ms)[0m  [1m[35mCREATE TABLE "toys" ("id" bigserial primary key, "name" character varying NOT NULL, "toyable_type" character varying, "toyable_id" bigint, "created_at" timestamp NOT NULL, "updated_at" timestamp NOT NULL)[0m
  [1m[35m (0.8ms)[0m  [1m[35mCREATE  INDEX  "index_toys_on_toyable_type_and_toyable_id" ON "toys"  ("toyable_type", "toyable_id")[0m
  [1m[35m (1.1ms)[0m  [1m[35mCREATE UNIQUE INDEX  "index_toys_on_name_and_toyable_id_and_toyable_type" ON "toys"  ("name", "toyable_id", "toyable_type")[0m
  [1m[35mSQL (0.4ms)[0m  [1m[32mINSERT INTO "schema_migrations" ("version") VALUES ($1) RETURNING "version"[0m  [["version", "20170714053516"]]
  [1m[35m (0.4ms)[0m  [1m[35mCOMMIT[0m
  [1m[36mActiveRecord::InternalMetadata Load (0.3ms)[0m  [1m[34mSELECT  "ar_internal_metadata".* FROM "ar_internal_metadata" WHERE "ar_internal_metadata"."key" = $1 LIMIT $2[0m  [["key", "environment"], ["LIMIT", 1]]
  [1m[35m (0.1ms)[0m  [1m[35mBEGIN[0m
  [1m[35mSQL (0.4ms)[0m  [1m[32mINSERT INTO "ar_internal_metadata" ("key", "value", "created_at", "updated_at") VALUES ($1, $2, $3, $4) RETURNING "key"[0m  [["key", "environment"], ["value", "development"], ["created_at", "2017-07-14 05:37:55.155751"], ["updated_at", "2017-07-14 05:37:55.155751"]]
  [1m[35m (0.2ms)[0m  [1m[35mCOMMIT[0m
  [1m[35m (0.2ms)[0m  [1m[34mSELECT pg_advisory_unlock(4795219387431405660)[0m
  [1m[35m (0.2ms)[0m  [1m[34mSELECT "schema_migrations"."version" FROM "schema_migrations" ORDER BY "schema_migrations"."version" ASC[0m
  [1m[35m (0.5ms)[0m  [1m[34mSELECT "schema_migrations"."version" FROM "schema_migrations" ORDER BY "schema_migrations"."version" ASC[0m
  [1m[35m (0.3ms)[0m  [1m[34mSELECT "ar_internal_metadata"."value" FROM "ar_internal_metadata" WHERE "ar_internal_metadata"."key" = $1[0m  [["key", "environment"]]
  [1m[35m (0.2ms)[0m  [1m[34mSELECT "schema_migrations"."version" FROM "schema_migrations" ORDER BY "schema_migrations"."version" ASC[0m
  [1m[35m (0.1ms)[0m  [1m[34mSELECT "ar_internal_metadata"."value" FROM "ar_internal_metadata" WHERE "ar_internal_metadata"."key" = $1[0m  [["key", "environment"]]
  [1m[35m (0.2ms)[0m  [1m[34mSELECT "schema_migrations"."version" FROM "schema_migrations" ORDER BY "schema_migrations"."version" ASC[0m
  [1m[35m (0.1ms)[0m  [1m[34mSELECT "ar_internal_metadata"."value" FROM "ar_internal_metadata" WHERE "ar_internal_metadata"."key" = $1[0m  [["key", "environment"]]
  [1m[35m (119.1ms)[0m  [1m[35mDROP DATABASE IF EXISTS "polymorphism_and_concerns_development"[0m
  [1m[35m (116.4ms)[0m  [1m[35mDROP DATABASE IF EXISTS "polymorphism_and_concerns_test"[0m
  [1m[35m (4.8ms)[0m  [1m[35mCREATE TABLE "schema_migrations" ("version" character varying NOT NULL PRIMARY KEY)[0m
  [1m[35m (2.8ms)[0m  [1m[35mCREATE TABLE "ar_internal_metadata" ("key" character varying NOT NULL PRIMARY KEY, "value" character varying, "created_at" timestamp NOT NULL, "updated_at" timestamp NOT NULL)[0m
  [1m[35m (0.2ms)[0m  [1m[34mSELECT pg_try_advisory_lock(4795219387431405660);[0m
  [1m[35m (0.4ms)[0m  [1m[34mSELECT "schema_migrations"."version" FROM "schema_migrations" ORDER BY "schema_migrations"."version" ASC[0m
Migrating to CreateCats (20170714053359)
  [1m[35m (0.2ms)[0m  [1m[35mBEGIN[0m
  [1m[35m (3.0ms)[0m  [1m[35mCREATE TABLE "cats" ("id" bigserial primary key, "name" character varying NOT NULL, "created_at" timestamp NOT NULL, "updated_at" timestamp NOT NULL)[0m
  [1m[35mSQL (0.4ms)[0m  [1m[32mINSERT INTO "schema_migrations" ("version") VALUES ($1) RETURNING "version"[0m  [["version", "20170714053359"]]
  [1m[35m (0.3ms)[0m  [1m[35mCOMMIT[0m
Migrating to CreateCorgis (20170714053409)
  [1m[35m (0.2ms)[0m  [1m[35mBEGIN[0m
  [1m[35m (2.5ms)[0m  [1m[35mCREATE TABLE "corgis" ("id" bigserial primary key, "name" character varying NOT NULL, "created_at" timestamp NOT NULL, "updated_at" timestamp NOT NULL)[0m
  [1m[35mSQL (0.3ms)[0m  [1m[32mINSERT INTO "schema_migrations" ("version") VALUES ($1) RETURNING "version"[0m  [["version", "20170714053409"]]
  [1m[35m (0.3ms)[0m  [1m[35mCOMMIT[0m
  [1m[36mActiveRecord::InternalMetadata Load (0.2ms)[0m  [1m[34mSELECT  "ar_internal_metadata".* FROM "ar_internal_metadata" WHERE "ar_internal_metadata"."key" = $1 LIMIT $2[0m  [["key", "environment"], ["LIMIT", 1]]
  [1m[35m (0.1ms)[0m  [1m[35mBEGIN[0m
  [1m[35mSQL (0.4ms)[0m  [1m[32mINSERT INTO "ar_internal_metadata" ("key", "value", "created_at", "updated_at") VALUES ($1, $2, $3, $4) RETURNING "key"[0m  [["key", "environment"], ["value", "development"], ["created_at", "2017-07-14 05:44:38.587678"], ["updated_at", "2017-07-14 05:44:38.587678"]]
  [1m[35m (0.3ms)[0m  [1m[35mCOMMIT[0m
  [1m[35m (0.2ms)[0m  [1m[34mSELECT pg_advisory_unlock(4795219387431405660)[0m
  [1m[35m (0.3ms)[0m  [1m[34mSELECT "schema_migrations"."version" FROM "schema_migrations" ORDER BY "schema_migrations"."version" ASC[0m
  [1m[35m (0.6ms)[0m  [1m[34mSELECT "schema_migrations"."version" FROM "schema_migrations" ORDER BY "schema_migrations"."version" ASC[0m
  [1m[35m (0.6ms)[0m  [1m[34mSELECT "schema_migrations"."version" FROM "schema_migrations" ORDER BY "schema_migrations"."version" ASC[0m
  [1m[35m (0.3ms)[0m  [1m[34mSELECT "ar_internal_metadata"."value" FROM "ar_internal_metadata" WHERE "ar_internal_metadata"."key" = $1[0m  [["key", "environment"]]
  [1m[35m (0.2ms)[0m  [1m[34mSELECT "schema_migrations"."version" FROM "schema_migrations" ORDER BY "schema_migrations"."version" ASC[0m
  [1m[35m (0.1ms)[0m  [1m[34mSELECT "ar_internal_metadata"."value" FROM "ar_internal_metadata" WHERE "ar_internal_metadata"."key" = $1[0m  [["key", "environment"]]
  [1m[35m (0.2ms)[0m  [1m[34mSELECT "schema_migrations"."version" FROM "schema_migrations" ORDER BY "schema_migrations"."version" ASC[0m
  [1m[35m (0.1ms)[0m  [1m[34mSELECT "ar_internal_metadata"."value" FROM "ar_internal_metadata" WHERE "ar_internal_metadata"."key" = $1[0m  [["key", "environment"]]
  [1m[35m (115.5ms)[0m  [1m[35mDROP DATABASE IF EXISTS "polymorphism_and_concerns_test"[0m
  [1m[35m (229.0ms)[0m  [1m[35mCREATE DATABASE "polymorphism_and_concerns_test" ENCODING = 'unicode'[0m
  [1m[35mSQL (0.3ms)[0m  [1m[35mCREATE EXTENSION IF NOT EXISTS "plpgsql"[0m
  [1m[35m (0.2ms)[0m  [1m[35mDROP TABLE IF EXISTS "cats" CASCADE[0m
  [1m[35m (5.7ms)[0m  [1m[35mCREATE TABLE "cats" ("id" bigserial primary key, "name" character varying NOT NULL, "created_at" timestamp NOT NULL, "updated_at" timestamp NOT NULL)[0m
  [1m[35m (0.2ms)[0m  [1m[35mDROP TABLE IF EXISTS "corgis" CASCADE[0m
  [1m[35m (2.7ms)[0m  [1m[35mCREATE TABLE "corgis" ("id" bigserial primary key, "name" character varying NOT NULL, "created_at" timestamp NOT NULL, "updated_at" timestamp NOT NULL)[0m
  [1m[35m (2.1ms)[0m  [1m[35mCREATE TABLE "schema_migrations" ("version" character varying NOT NULL PRIMARY KEY)[0m
  [1m[35m (0.5ms)[0m  [1m[34mSELECT "schema_migrations"."version" FROM "schema_migrations" ORDER BY "schema_migrations"."version" ASC[0m
  [1m[35m (0.4ms)[0m  [1m[32mINSERT INTO "schema_migrations" (version) VALUES (20170714053409)[0m
  [1m[35m (0.3ms)[0m  [1m[32mINSERT INTO "schema_migrations" (version) VALUES
(20170714053359);

[0m
  [1m[35m (2.0ms)[0m  [1m[35mCREATE TABLE "ar_internal_metadata" ("key" character varying NOT NULL PRIMARY KEY, "value" character varying, "created_at" timestamp NOT NULL, "updated_at" timestamp NOT NULL)[0m
  [1m[36mActiveRecord::InternalMetadata Load (0.3ms)[0m  [1m[34mSELECT  "ar_internal_metadata".* FROM "ar_internal_metadata" WHERE "ar_internal_metadata"."key" = $1 LIMIT $2[0m  [["key", "environment"], ["LIMIT", 1]]
  [1m[35m (0.1ms)[0m  [1m[35mBEGIN[0m
  [1m[35mSQL (0.4ms)[0m  [1m[32mINSERT INTO "ar_internal_metadata" ("key", "value", "created_at", "updated_at") VALUES ($1, $2, $3, $4) RETURNING "key"[0m  [["key", "environment"], ["value", "development"], ["created_at", "2017-07-14 05:44:42.231409"], ["updated_at", "2017-07-14 05:44:42.231409"]]
  [1m[35m (0.2ms)[0m  [1m[35mCOMMIT[0m
  [1m[36mActiveRecord::InternalMetadata Load (0.3ms)[0m  [1m[34mSELECT  "ar_internal_metadata".* FROM "ar_internal_metadata" WHERE "ar_internal_metadata"."key" = $1 LIMIT $2[0m  [["key", "environment"], ["LIMIT", 1]]
  [1m[35m (0.1ms)[0m  [1m[35mBEGIN[0m
  [1m[35m (0.1ms)[0m  [1m[35mCOMMIT[0m
  [1m[35m (0.6ms)[0m  [1m[34mSELECT "schema_migrations"."version" FROM "schema_migrations" ORDER BY "schema_migrations"."version" ASC[0m
  [1m[35m (0.1ms)[0m  [1m[35mBEGIN[0m
  [1m[35mSQL (0.7ms)[0m  [1m[32mINSERT INTO "corgis" ("name", "created_at", "updated_at") VALUES ($1, $2, $3) RETURNING "id"[0m  [["name", "Annamae"], ["created_at", "2017-07-14 05:47:29.189179"], ["updated_at", "2017-07-14 05:47:29.189179"]]
  [1m[35m (1.7ms)[0m  [1m[35mCOMMIT[0m
  [1m[35m (0.1ms)[0m  [1m[35mBEGIN[0m
  [1m[35mSQL (0.5ms)[0m  [1m[32mINSERT INTO "cats" ("name", "created_at", "updated_at") VALUES ($1, $2, $3) RETURNING "id"[0m  [["name", "Athena"], ["created_at", "2017-07-14 05:47:29.200002"], ["updated_at", "2017-07-14 05:47:29.200002"]]
  [1m[35m (0.2ms)[0m  [1m[35mCOMMIT[0m
  [1m[35m (0.1ms)[0m  [1m[35mBEGIN[0m
  [1m[35mSQL (0.2ms)[0m  [1m[32mINSERT INTO "corgis" ("name", "created_at", "updated_at") VALUES ($1, $2, $3) RETURNING "id"[0m  [["name", "Zane"], ["created_at", "2017-07-14 05:47:29.201805"], ["updated_at", "2017-07-14 05:47:29.201805"]]
  [1m[35m (0.3ms)[0m  [1m[35mCOMMIT[0m
  [1m[35m (0.1ms)[0m  [1m[35mBEGIN[0m
  [1m[35mSQL (0.2ms)[0m  [1m[32mINSERT INTO "cats" ("name", "created_at", "updated_at") VALUES ($1, $2, $3) RETURNING "id"[0m  [["name", "Bill"], ["created_at", "2017-07-14 05:47:29.203039"], ["updated_at", "2017-07-14 05:47:29.203039"]]
  [1m[35m (0.2ms)[0m  [1m[35mCOMMIT[0m
  [1m[35m (0.1ms)[0m  [1m[35mBEGIN[0m
  [1m[35mSQL (0.2ms)[0m  [1m[32mINSERT INTO "corgis" ("name", "created_at", "updated_at") VALUES ($1, $2, $3) RETURNING "id"[0m  [["name", "Carlie"], ["created_at", "2017-07-14 05:47:29.204215"], ["updated_at", "2017-07-14 05:47:29.204215"]]
  [1m[35m (0.3ms)[0m  [1m[35mCOMMIT[0m
  [1m[35m (0.1ms)[0m  [1m[35mBEGIN[0m
  [1m[35mSQL (0.2ms)[0m  [1m[32mINSERT INTO "cats" ("name", "created_at", "updated_at") VALUES ($1, $2, $3) RETURNING "id"[0m  [["name", "Glen"], ["created_at", "2017-07-14 05:47:29.205375"], ["updated_at", "2017-07-14 05:47:29.205375"]]
  [1m[35m (0.2ms)[0m  [1m[35mCOMMIT[0m
  [1m[35m (0.1ms)[0m  [1m[35mBEGIN[0m
  [1m[35mSQL (0.2ms)[0m  [1m[32mINSERT INTO "corgis" ("name", "created_at", "updated_at") VALUES ($1, $2, $3) RETURNING "id"[0m  [["name", "Jamey"], ["created_at", "2017-07-14 05:47:29.206505"], ["updated_at", "2017-07-14 05:47:29.206505"]]
  [1m[35m (0.2ms)[0m  [1m[35mCOMMIT[0m
  [1m[35m (0.1ms)[0m  [1m[35mBEGIN[0m
  [1m[35mSQL (0.2ms)[0m  [1m[32mINSERT INTO "cats" ("name", "created_at", "updated_at") VALUES ($1, $2, $3) RETURNING "id"[0m  [["name", "Madisyn"], ["created_at", "2017-07-14 05:47:29.207626"], ["updated_at", "2017-07-14 05:47:29.207626"]]
  [1m[35m (0.2ms)[0m  [1m[35mCOMMIT[0m
  [1m[35m (0.1ms)[0m  [1m[35mBEGIN[0m
  [1m[35mSQL (0.2ms)[0m  [1m[32mINSERT INTO "corgis" ("name", "created_at", "updated_at") VALUES ($1, $2, $3) RETURNING "id"[0m  [["name", "Hollie"], ["created_at", "2017-07-14 05:47:29.208720"], ["updated_at", "2017-07-14 05:47:29.208720"]]
  [1m[35m (0.2ms)[0m  [1m[35mCOMMIT[0m
  [1m[35m (0.1ms)[0m  [1m[35mBEGIN[0m
  [1m[35mSQL (0.2ms)[0m  [1m[32mINSERT INTO "cats" ("name", "created_at", "updated_at") VALUES ($1, $2, $3) RETURNING "id"[0m  [["name", "Verna"], ["created_at", "2017-07-14 05:47:29.209786"], ["updated_at", "2017-07-14 05:47:29.209786"]]
  [1m[35m (0.2ms)[0m  [1m[35mCOMMIT[0m
  [1m[35m (0.1ms)[0m  [1m[35mBEGIN[0m
  [1m[35mSQL (0.2ms)[0m  [1m[32mINSERT INTO "corgis" ("name", "created_at", "updated_at") VALUES ($1, $2, $3) RETURNING "id"[0m  [["name", "Virgie"], ["created_at", "2017-07-14 05:47:29.210879"], ["updated_at", "2017-07-14 05:47:29.210879"]]
  [1m[35m (0.2ms)[0m  [1m[35mCOMMIT[0m
  [1m[35m (0.1ms)[0m  [1m[35mBEGIN[0m
  [1m[35mSQL (0.2ms)[0m  [1m[32mINSERT INTO "cats" ("name", "created_at", "updated_at") VALUES ($1, $2, $3) RETURNING "id"[0m  [["name", "Darrick"], ["created_at", "2017-07-14 05:47:29.211946"], ["updated_at", "2017-07-14 05:47:29.211946"]]
  [1m[35m (0.2ms)[0m  [1m[35mCOMMIT[0m
  [1m[35m (0.1ms)[0m  [1m[35mBEGIN[0m
  [1m[35mSQL (0.2ms)[0m  [1m[32mINSERT INTO "corgis" ("name", "created_at", "updated_at") VALUES ($1, $2, $3) RETURNING "id"[0m  [["name", "Lucious"], ["created_at", "2017-07-14 05:47:29.212998"], ["updated_at", "2017-07-14 05:47:29.212998"]]
  [1m[35m (0.2ms)[0m  [1m[35mCOMMIT[0m
  [1m[35m (0.1ms)[0m  [1m[35mBEGIN[0m
  [1m[35mSQL (0.2ms)[0m  [1m[32mINSERT INTO "cats" ("name", "created_at", "updated_at") VALUES ($1, $2, $3) RETURNING "id"[0m  [["name", "Reid"], ["created_at", "2017-07-14 05:47:29.214009"], ["updated_at", "2017-07-14 05:47:29.214009"]]
  [1m[35m (0.2ms)[0m  [1m[35mCOMMIT[0m
  [1m[35m (0.1ms)[0m  [1m[35mBEGIN[0m
  [1m[35mSQL (0.2ms)[0m  [1m[32mINSERT INTO "corgis" ("name", "created_at", "updated_at") VALUES ($1, $2, $3) RETURNING "id"[0m  [["name", "Jeffery"], ["created_at", "2017-07-14 05:47:29.215049"], ["updated_at", "2017-07-14 05:47:29.215049"]]
  [1m[35m (0.2ms)[0m  [1m[35mCOMMIT[0m
  [1m[35m (0.1ms)[0m  [1m[35mBEGIN[0m
  [1m[35mSQL (0.2ms)[0m  [1m[32mINSERT INTO "cats" ("name", "created_at", "updated_at") VALUES ($1, $2, $3) RETURNING "id"[0m  [["name", "Giles"], ["created_at", "2017-07-14 05:47:29.216078"], ["updated_at", "2017-07-14 05:47:29.216078"]]
  [1m[35m (0.2ms)[0m  [1m[35mCOMMIT[0m
  [1m[35m (0.1ms)[0m  [1m[35mBEGIN[0m
  [1m[35mSQL (0.2ms)[0m  [1m[32mINSERT INTO "corgis" ("name", "created_at", "updated_at") VALUES ($1, $2, $3) RETURNING "id"[0m  [["name", "Tyree"], ["created_at", "2017-07-14 05:47:29.217114"], ["updated_at", "2017-07-14 05:47:29.217114"]]
  [1m[35m (0.2ms)[0m  [1m[35mCOMMIT[0m
  [1m[35m (0.1ms)[0m  [1m[35mBEGIN[0m
  [1m[35mSQL (0.2ms)[0m  [1m[32mINSERT INTO "cats" ("name", "created_at", "updated_at") VALUES ($1, $2, $3) RETURNING "id"[0m  [["name", "Cydney"], ["created_at", "2017-07-14 05:47:29.218133"], ["updated_at", "2017-07-14 05:47:29.218133"]]
  [1m[35m (0.2ms)[0m  [1m[35mCOMMIT[0m
  [1m[35m (0.1ms)[0m  [1m[35mBEGIN[0m
  [1m[35mSQL (0.2ms)[0m  [1m[32mINSERT INTO "corgis" ("name", "created_at", "updated_at") VALUES ($1, $2, $3) RETURNING "id"[0m  [["name", "Adelle"], ["created_at", "2017-07-14 05:47:29.219177"], ["updated_at", "2017-07-14 05:47:29.219177"]]
  [1m[35m (0.2ms)[0m  [1m[35mCOMMIT[0m
  [1m[35m (0.1ms)[0m  [1m[35mBEGIN[0m
  [1m[35mSQL (0.2ms)[0m  [1m[32mINSERT INTO "cats" ("name", "created_at", "updated_at") VALUES ($1, $2, $3) RETURNING "id"[0m  [["name", "Florida"], ["created_at", "2017-07-14 05:47:29.220188"], ["updated_at", "2017-07-14 05:47:29.220188"]]
  [1m[35m (0.1ms)[0m  [1m[35mCOMMIT[0m
  [1m[35mSQL (0.4ms)[0m  [1m[35mCREATE EXTENSION IF NOT EXISTS "plpgsql"[0m
  [1m[35m (0.2ms)[0m  [1m[35mDROP TABLE IF EXISTS "cats" CASCADE[0m
  [1m[35m (8.8ms)[0m  [1m[35mCREATE TABLE "cats" ("id" bigserial primary key, "name" character varying NOT NULL, "created_at" timestamp NOT NULL, "updated_at" timestamp NOT NULL)[0m
  [1m[35m (0.3ms)[0m  [1m[35mDROP TABLE IF EXISTS "corgis" CASCADE[0m
  [1m[35m (7.1ms)[0m  [1m[35mCREATE TABLE "corgis" ("id" bigserial primary key, "name" character varying NOT NULL, "created_at" timestamp NOT NULL, "updated_at" timestamp NOT NULL)[0m
  [1m[35m (6.4ms)[0m  [1m[35mCREATE TABLE "schema_migrations" ("version" character varying NOT NULL PRIMARY KEY)[0m
  [1m[35m (0.5ms)[0m  [1m[34mSELECT "schema_migrations"."version" FROM "schema_migrations" ORDER BY "schema_migrations"."version" ASC[0m
  [1m[35m (1.1ms)[0m  [1m[32mINSERT INTO "schema_migrations" (version) VALUES (20170714053409)[0m
  [1m[35m (1.0ms)[0m  [1m[32mINSERT INTO "schema_migrations" (version) VALUES
(20170714053359);

[0m
  [1m[35m (5.9ms)[0m  [1m[35mCREATE TABLE "ar_internal_metadata" ("key" character varying NOT NULL PRIMARY KEY, "value" character varying, "created_at" timestamp NOT NULL, "updated_at" timestamp NOT NULL)[0m
  [1m[36mActiveRecord::InternalMetadata Load (0.4ms)[0m  [1m[34mSELECT  "ar_internal_metadata".* FROM "ar_internal_metadata" WHERE "ar_internal_metadata"."key" = $1 LIMIT $2[0m  [["key", "environment"], ["LIMIT", 1]]
  [1m[35m (0.1ms)[0m  [1m[35mBEGIN[0m
  [1m[35mSQL (0.7ms)[0m  [1m[32mINSERT INTO "ar_internal_metadata" ("key", "value", "created_at", "updated_at") VALUES ($1, $2, $3, $4) RETURNING "key"[0m  [["key", "environment"], ["value", "development"], ["created_at", "2018-01-08 04:03:40.582661"], ["updated_at", "2018-01-08 04:03:40.582661"]]
  [1m[35m (0.8ms)[0m  [1m[35mCOMMIT[0m
  [1m[36mActiveRecord::InternalMetadata Load (0.5ms)[0m  [1m[34mSELECT  "ar_internal_metadata".* FROM "ar_internal_metadata" WHERE "ar_internal_metadata"."key" = $1 LIMIT $2[0m  [["key", "environment"], ["LIMIT", 1]]
  [1m[35m (0.3ms)[0m  [1m[35mBEGIN[0m
  [1m[35m (0.2ms)[0m  [1m[35mCOMMIT[0m
  [1m[35mSQL (0.2ms)[0m  [1m[35mCREATE EXTENSION IF NOT EXISTS "plpgsql"[0m
  [1m[35m (0.1ms)[0m  [1m[35mDROP TABLE IF EXISTS "cats" CASCADE[0m
  [1m[35m (9.8ms)[0m  [1m[35mCREATE TABLE "cats" ("id" bigserial primary key, "name" character varying NOT NULL, "created_at" timestamp NOT NULL, "updated_at" timestamp NOT NULL)[0m
  [1m[35m (0.5ms)[0m  [1m[35mDROP TABLE IF EXISTS "corgis" CASCADE[0m
  [1m[35m (8.2ms)[0m  [1m[35mCREATE TABLE "corgis" ("id" bigserial primary key, "name" character varying NOT NULL, "created_at" timestamp NOT NULL, "updated_at" timestamp NOT NULL)[0m
  [1m[35m (6.2ms)[0m  [1m[35mCREATE TABLE "schema_migrations" ("version" character varying NOT NULL PRIMARY KEY)[0m
  [1m[35m (0.5ms)[0m  [1m[34mSELECT "schema_migrations"."version" FROM "schema_migrations" ORDER BY "schema_migrations"."version" ASC[0m
  [1m[35m (1.2ms)[0m  [1m[32mINSERT INTO "schema_migrations" (version) VALUES (20170714053409)[0m
  [1m[35m (0.9ms)[0m  [1m[32mINSERT INTO "schema_migrations" (version) VALUES
(20170714053359);

[0m
  [1m[35m (6.7ms)[0m  [1m[35mCREATE TABLE "ar_internal_metadata" ("key" character varying NOT NULL PRIMARY KEY, "value" character varying, "created_at" timestamp NOT NULL, "updated_at" timestamp NOT NULL)[0m
  [1m[36mActiveRecord::InternalMetadata Load (0.5ms)[0m  [1m[34mSELECT  "ar_internal_metadata".* FROM "ar_internal_metadata" WHERE "ar_internal_metadata"."key" = $1 LIMIT $2[0m  [["key", "environment"], ["LIMIT", 1]]
  [1m[35m (0.2ms)[0m  [1m[35mBEGIN[0m
  [1m[35mSQL (0.4ms)[0m  [1m[32mINSERT INTO "ar_internal_metadata" ("key", "value", "created_at", "updated_at") VALUES ($1, $2, $3, $4) RETURNING "key"[0m  [["key", "environment"], ["value", "development"], ["created_at", "2018-01-08 04:03:40.648490"], ["updated_at", "2018-01-08 04:03:40.648490"]]
  [1m[35m (1.1ms)[0m  [1m[35mCOMMIT[0m
  [1m[36mActiveRecord::InternalMetadata Load (0.3ms)[0m  [1m[34mSELECT  "ar_internal_metadata".* FROM "ar_internal_metadata" WHERE "ar_internal_metadata"."key" = $1 LIMIT $2[0m  [["key", "environment"], ["LIMIT", 1]]
  [1m[35m (0.1ms)[0m  [1m[35mBEGIN[0m
  [1m[35m (0.1ms)[0m  [1m[35mCOMMIT[0m
  [1m[35m (0.6ms)[0m  [1m[34mSELECT "schema_migrations"."version" FROM "schema_migrations" ORDER BY "schema_migrations"."version" ASC[0m
  [1m[35m (0.3ms)[0m  [1m[35mBEGIN[0m
  [1m[35mSQL (0.5ms)[0m  [1m[32mINSERT INTO "corgis" ("name", "created_at", "updated_at") VALUES ($1, $2, $3) RETURNING "id"[0m  [["name", "Gina"], ["created_at", "2018-01-08 04:03:40.989171"], ["updated_at", "2018-01-08 04:03:40.989171"]]
  [1m[35m (1.1ms)[0m  [1m[35mCOMMIT[0m
  [1m[35m (0.2ms)[0m  [1m[35mBEGIN[0m
  [1m[35mSQL (0.5ms)[0m  [1m[32mINSERT INTO "cats" ("name", "created_at", "updated_at") VALUES ($1, $2, $3) RETURNING "id"[0m  [["name", "Grover"], ["created_at", "2018-01-08 04:03:40.998595"], ["updated_at", "2018-01-08 04:03:40.998595"]]
  [1m[35m (0.8ms)[0m  [1m[35mCOMMIT[0m
  [1m[35m (0.1ms)[0m  [1m[35mBEGIN[0m
  [1m[35mSQL (0.3ms)[0m  [1m[32mINSERT INTO "corgis" ("name", "created_at", "updated_at") VALUES ($1, $2, $3) RETURNING "id"[0m  [["name", "Alexie"], ["created_at", "2018-01-08 04:03:41.001691"], ["updated_at", "2018-01-08 04:03:41.001691"]]
  [1m[35m (1.0ms)[0m  [1m[35mCOMMIT[0m
  [1m[35m (0.2ms)[0m  [1m[35mBEGIN[0m
  [1m[35mSQL (0.4ms)[0m  [1m[32mINSERT INTO "cats" ("name", "created_at", "updated_at") VALUES ($1, $2, $3) RETURNING "id"[0m  [["name", "William"], ["created_at", "2018-01-08 04:03:41.004645"], ["updated_at", "2018-01-08 04:03:41.004645"]]
  [1m[35m (0.9ms)[0m  [1m[35mCOMMIT[0m
  [1m[35m (0.2ms)[0m  [1m[35mBEGIN[0m
  [1m[35mSQL (0.4ms)[0m  [1m[32mINSERT INTO "corgis" ("name", "created_at", "updated_at") VALUES ($1, $2, $3) RETURNING "id"[0m  [["name", "Daphne"], ["created_at", "2018-01-08 04:03:41.007255"], ["updated_at", "2018-01-08 04:03:41.007255"]]
  [1m[35m (1.0ms)[0m  [1m[35mCOMMIT[0m
  [1m[35m (0.2ms)[0m  [1m[35mBEGIN[0m
  [1m[35mSQL (0.3ms)[0m  [1m[32mINSERT INTO "cats" ("name", "created_at", "updated_at") VALUES ($1, $2, $3) RETURNING "id"[0m  [["name", "Kasandra"], ["created_at", "2018-01-08 04:03:41.009970"], ["updated_at", "2018-01-08 04:03:41.009970"]]
  [1m[35m (0.9ms)[0m  [1m[35mCOMMIT[0m
  [1m[35m (0.2ms)[0m  [1m[35mBEGIN[0m
  [1m[35mSQL (0.4ms)[0m  [1m[32mINSERT INTO "corgis" ("name", "created_at", "updated_at") VALUES ($1, $2, $3) RETURNING "id"[0m  [["name", "Ethelyn"], ["created_at", "2018-01-08 04:03:41.012524"], ["updated_at", "2018-01-08 04:03:41.012524"]]
  [1m[35m (0.8ms)[0m  [1m[35mCOMMIT[0m
  [1m[35m (0.2ms)[0m  [1m[35mBEGIN[0m
  [1m[35mSQL (0.2ms)[0m  [1m[32mINSERT INTO "cats" ("name", "created_at", "updated_at") VALUES ($1, $2, $3) RETURNING "id"[0m  [["name", "Louvenia"], ["created_at", "2018-01-08 04:03:41.015015"], ["updated_at", "2018-01-08 04:03:41.015015"]]
  [1m[35m (0.8ms)[0m  [1m[35mCOMMIT[0m
  [1m[35m (0.1ms)[0m  [1m[35mBEGIN[0m
  [1m[35mSQL (0.2ms)[0m  [1m[32mINSERT INTO "corgis" ("name", "created_at", "updated_at") VALUES ($1, $2, $3) RETURNING "id"[0m  [["name", "Hanna"], ["created_at", "2018-01-08 04:03:41.017169"], ["updated_at", "2018-01-08 04:03:41.017169"]]
  [1m[35m (0.8ms)[0m  [1m[35mCOMMIT[0m
  [1m[35m (0.2ms)[0m  [1m[35mBEGIN[0m
  [1m[35mSQL (0.4ms)[0m  [1m[32mINSERT INTO "cats" ("name", "created_at", "updated_at") VALUES ($1, $2, $3) RETURNING "id"[0m  [["name", "Hyman"], ["created_at", "2018-01-08 04:03:41.019538"], ["updated_at", "2018-01-08 04:03:41.019538"]]
  [1m[35m (1.1ms)[0m  [1m[35mCOMMIT[0m
  [1m[35m (0.2ms)[0m  [1m[35mBEGIN[0m
  [1m[35mSQL (0.2ms)[0m  [1m[32mINSERT INTO "corgis" ("name", "created_at", "updated_at") VALUES ($1, $2, $3) RETURNING "id"[0m  [["name", "Blair"], ["created_at", "2018-01-08 04:03:41.022415"], ["updated_at", "2018-01-08 04:03:41.022415"]]
  [1m[35m (0.8ms)[0m  [1m[35mCOMMIT[0m
  [1m[35m (0.2ms)[0m  [1m[35mBEGIN[0m
  [1m[35mSQL (0.4ms)[0m  [1m[32mINSERT INTO "cats" ("name", "created_at", "updated_at") VALUES ($1, $2, $3) RETURNING "id"[0m  [["name", "Penelope"], ["created_at", "2018-01-08 04:03:41.024803"], ["updated_at", "2018-01-08 04:03:41.024803"]]
  [1m[35m (1.0ms)[0m  [1m[35mCOMMIT[0m
  [1m[35m (0.1ms)[0m  [1m[35mBEGIN[0m
  [1m[35mSQL (0.3ms)[0m  [1m[32mINSERT INTO "corgis" ("name", "created_at", "updated_at") VALUES ($1, $2, $3) RETURNING "id"[0m  [["name", "Nelda"], ["created_at", "2018-01-08 04:03:41.027398"], ["updated_at", "2018-01-08 04:03:41.027398"]]
  [1m[35m (0.8ms)[0m  [1m[35mCOMMIT[0m
  [1m[35m (0.1ms)[0m  [1m[35mBEGIN[0m
  [1m[35mSQL (0.2ms)[0m  [1m[32mINSERT INTO "cats" ("name", "created_at", "updated_at") VALUES ($1, $2, $3) RETURNING "id"[0m  [["name", "Kari"], ["created_at", "2018-01-08 04:03:41.029895"], ["updated_at", "2018-01-08 04:03:41.029895"]]
  [1m[35m (1.0ms)[0m  [1m[35mCOMMIT[0m
  [1m[35m (0.1ms)[0m  [1m[35mBEGIN[0m
  [1m[35mSQL (0.2ms)[0m  [1m[32mINSERT INTO "corgis" ("name", "created_at", "updated_at") VALUES ($1, $2, $3) RETURNING "id"[0m  [["name", "Janis"], ["created_at", "2018-01-08 04:03:41.032318"], ["updated_at", "2018-01-08 04:03:41.032318"]]
  [1m[35m (1.1ms)[0m  [1m[35mCOMMIT[0m
  [1m[35m (0.1ms)[0m  [1m[35mBEGIN[0m
  [1m[35mSQL (0.2ms)[0m  [1m[32mINSERT INTO "cats" ("name", "created_at", "updated_at") VALUES ($1, $2, $3) RETURNING "id"[0m  [["name", "Mazie"], ["created_at", "2018-01-08 04:03:41.034719"], ["updated_at", "2018-01-08 04:03:41.034719"]]
  [1m[35m (0.9ms)[0m  [1m[35mCOMMIT[0m
  [1m[35m (0.1ms)[0m  [1m[35mBEGIN[0m
  [1m[35mSQL (0.2ms)[0m  [1m[32mINSERT INTO "corgis" ("name", "created_at", "updated_at") VALUES ($1, $2, $3) RETURNING "id"[0m  [["name", "Philip"], ["created_at", "2018-01-08 04:03:41.036967"], ["updated_at", "2018-01-08 04:03:41.036967"]]
  [1m[35m (0.9ms)[0m  [1m[35mCOMMIT[0m
  [1m[35m (0.1ms)[0m  [1m[35mBEGIN[0m
  [1m[35mSQL (0.2ms)[0m  [1m[32mINSERT INTO "cats" ("name", "created_at", "updated_at") VALUES ($1, $2, $3) RETURNING "id"[0m  [["name", "Celia"], ["created_at", "2018-01-08 04:03:41.039298"], ["updated_at", "2018-01-08 04:03:41.039298"]]
  [1m[35m (1.0ms)[0m  [1m[35mCOMMIT[0m
  [1m[35m (0.1ms)[0m  [1m[35mBEGIN[0m
  [1m[35mSQL (0.2ms)[0m  [1m[32mINSERT INTO "corgis" ("name", "created_at", "updated_at") VALUES ($1, $2, $3) RETURNING "id"[0m  [["name", "Greyson"], ["created_at", "2018-01-08 04:03:41.041717"], ["updated_at", "2018-01-08 04:03:41.041717"]]
  [1m[35m (0.9ms)[0m  [1m[35mCOMMIT[0m
  [1m[35m (0.2ms)[0m  [1m[35mBEGIN[0m
  [1m[35mSQL (0.3ms)[0m  [1m[32mINSERT INTO "cats" ("name", "created_at", "updated_at") VALUES ($1, $2, $3) RETURNING "id"[0m  [["name", "Callie"], ["created_at", "2018-01-08 04:03:41.044197"], ["updated_at", "2018-01-08 04:03:41.044197"]]
  [1m[35m (0.9ms)[0m  [1m[35mCOMMIT[0m
  [1m[35m (0.2ms)[0m  [1m[34mSELECT pg_try_advisory_lock(4795219387431405660);[0m
  [1m[35m (0.6ms)[0m  [1m[34mSELECT "schema_migrations"."version" FROM "schema_migrations" ORDER BY "schema_migrations"."version" ASC[0m
Migrating to CreateToys (20180108040437)
  [1m[35m (0.3ms)[0m  [1m[35mBEGIN[0m
  [1m[35m (11.3ms)[0m  [1m[35mCREATE TABLE "toys" ("id" bigserial primary key, "name" character varying NOT NULL, "toyable_id" bigint, "toyable_type" character varying, "created_at" timestamp NOT NULL, "updated_at" timestamp NOT NULL)[0m
  [1m[35m (2.8ms)[0m  [1m[35mCREATE  INDEX  "index_toys_on_toyable_type_and_toyable_id" ON "toys"  ("toyable_type", "toyable_id")[0m
  [1m[35m (2.5ms)[0m  [1m[35mCREATE UNIQUE INDEX  "index_toys_on_name_and_toyable_id_and_toyable_type" ON "toys"  ("name", "toyable_id", "toyable_type")[0m
  [1m[35mSQL (0.4ms)[0m  [1m[32mINSERT INTO "schema_migrations" ("version") VALUES ($1) RETURNING "version"[0m  [["version", "20180108040437"]]
  [1m[35m (1.6ms)[0m  [1m[35mCOMMIT[0m
  [1m[36mActiveRecord::InternalMetadata Load (0.3ms)[0m  [1m[34mSELECT  "ar_internal_metadata".* FROM "ar_internal_metadata" WHERE "ar_internal_metadata"."key" = $1 LIMIT $2[0m  [["key", "environment"], ["LIMIT", 1]]
  [1m[35m (0.4ms)[0m  [1m[35mBEGIN[0m
  [1m[35m (0.1ms)[0m  [1m[35mCOMMIT[0m
  [1m[35m (0.2ms)[0m  [1m[34mSELECT pg_advisory_unlock(4795219387431405660)[0m
  [1m[35m (0.2ms)[0m  [1m[34mSELECT "schema_migrations"."version" FROM "schema_migrations" ORDER BY "schema_migrations"."version" ASC[0m
  [1m[35m (0.6ms)[0m  [1m[34mSELECT "schema_migrations"."version" FROM "schema_migrations" ORDER BY "schema_migrations"."version" ASC[0m
  [1m[35m (0.2ms)[0m  [1m[35mBEGIN[0m
  [1m[35mSQL (0.4ms)[0m  [1m[32mINSERT INTO "corgis" ("name", "created_at", "updated_at") VALUES ($1, $2, $3) RETURNING "id"[0m  [["name", "Felipa"], ["created_at", "2018-01-08 04:10:58.424968"], ["updated_at", "2018-01-08 04:10:58.424968"]]
  [1m[35m (4.8ms)[0m  [1m[35mCOMMIT[0m
  [1m[35m (0.1ms)[0m  [1m[35mBEGIN[0m
  [1m[35mSQL (0.4ms)[0m  [1m[32mINSERT INTO "cats" ("name", "created_at", "updated_at") VALUES ($1, $2, $3) RETURNING "id"[0m  [["name", "Devon"], ["created_at", "2018-01-08 04:10:58.438599"], ["updated_at", "2018-01-08 04:10:58.438599"]]
  [1m[35m (0.8ms)[0m  [1m[35mCOMMIT[0m
  [1m[35m (0.2ms)[0m  [1m[35mBEGIN[0m
  [1m[35mSQL (0.4ms)[0m  [1m[32mINSERT INTO "corgis" ("name", "created_at", "updated_at") VALUES ($1, $2, $3) RETURNING "id"[0m  [["name", "Merlin"], ["created_at", "2018-01-08 04:10:58.441495"], ["updated_at", "2018-01-08 04:10:58.441495"]]
  [1m[35m (1.0ms)[0m  [1m[35mCOMMIT[0m
  [1m[35m (0.1ms)[0m  [1m[35mBEGIN[0m
  [1m[35mSQL (0.3ms)[0m  [1m[32mINSERT INTO "cats" ("name", "created_at", "updated_at") VALUES ($1, $2, $3) RETURNING "id"[0m  [["name", "Adele"], ["created_at", "2018-01-08 04:10:58.444173"], ["updated_at", "2018-01-08 04:10:58.444173"]]
  [1m[35m (0.9ms)[0m  [1m[35mCOMMIT[0m
  [1m[35m (0.2ms)[0m  [1m[35mBEGIN[0m
  [1m[35mSQL (0.3ms)[0m  [1m[32mINSERT INTO "corgis" ("name", "created_at", "updated_at") VALUES ($1, $2, $3) RETURNING "id"[0m  [["name", "Cassidy"], ["created_at", "2018-01-08 04:10:58.446828"], ["updated_at", "2018-01-08 04:10:58.446828"]]
  [1m[35m (0.9ms)[0m  [1m[35mCOMMIT[0m
  [1m[35m (0.1ms)[0m  [1m[35mBEGIN[0m
  [1m[35mSQL (0.3ms)[0m  [1m[32mINSERT INTO "cats" ("name", "created_at", "updated_at") VALUES ($1, $2, $3) RETURNING "id"[0m  [["name", "Sid"], ["created_at", "2018-01-08 04:10:58.449387"], ["updated_at", "2018-01-08 04:10:58.449387"]]
  [1m[35m (1.0ms)[0m  [1m[35mCOMMIT[0m
  [1m[35m (0.2ms)[0m  [1m[35mBEGIN[0m
  [1m[35mSQL (0.3ms)[0m  [1m[32mINSERT INTO "corgis" ("name", "created_at", "updated_at") VALUES ($1, $2, $3) RETURNING "id"[0m  [["name", "Gabriella"], ["created_at", "2018-01-08 04:10:58.452046"], ["updated_at", "2018-01-08 04:10:58.452046"]]
  [1m[35m (0.8ms)[0m  [1m[35mCOMMIT[0m
  [1m[35m (0.2ms)[0m  [1m[35mBEGIN[0m
  [1m[35mSQL (0.3ms)[0m  [1m[32mINSERT INTO "cats" ("name", "created_at", "updated_at") VALUES ($1, $2, $3) RETURNING "id"[0m  [["name", "Ena"], ["created_at", "2018-01-08 04:10:58.454492"], ["updated_at", "2018-01-08 04:10:58.454492"]]
  [1m[35m (1.0ms)[0m  [1m[35mCOMMIT[0m
  [1m[35m (0.1ms)[0m  [1m[35mBEGIN[0m
  [1m[35mSQL (0.3ms)[0m  [1m[32mINSERT INTO "corgis" ("name", "created_at", "updated_at") VALUES ($1, $2, $3) RETURNING "id"[0m  [["name", "Regan"], ["created_at", "2018-01-08 04:10:58.457136"], ["updated_at", "2018-01-08 04:10:58.457136"]]
  [1m[35m (0.9ms)[0m  [1m[35mCOMMIT[0m
  [1m[35m (0.2ms)[0m  [1m[35mBEGIN[0m
  [1m[35mSQL (0.4ms)[0m  [1m[32mINSERT INTO "cats" ("name", "created_at", "updated_at") VALUES ($1, $2, $3) RETURNING "id"[0m  [["name", "Kacey"], ["created_at", "2018-01-08 04:10:58.459825"], ["updated_at", "2018-01-08 04:10:58.459825"]]
  [1m[35m (0.9ms)[0m  [1m[35mCOMMIT[0m
  [1m[35m (0.3ms)[0m  [1m[35mBEGIN[0m
  [1m[35mSQL (0.7ms)[0m  [1m[32mINSERT INTO "corgis" ("name", "created_at", "updated_at") VALUES ($1, $2, $3) RETURNING "id"[0m  [["name", "Angelica"], ["created_at", "2018-01-08 04:10:58.463640"], ["updated_at", "2018-01-08 04:10:58.463640"]]
  [1m[35m (1.2ms)[0m  [1m[35mCOMMIT[0m
  [1m[35m (0.3ms)[0m  [1m[35mBEGIN[0m
  [1m[35mSQL (0.8ms)[0m  [1m[32mINSERT INTO "cats" ("name", "created_at", "updated_at") VALUES ($1, $2, $3) RETURNING "id"[0m  [["name", "Ignacio"], ["created_at", "2018-01-08 04:10:58.469182"], ["updated_at", "2018-01-08 04:10:58.469182"]]
  [1m[35m (1.2ms)[0m  [1m[35mCOMMIT[0m
  [1m[35m (0.3ms)[0m  [1m[35mBEGIN[0m
  [1m[35mSQL (0.8ms)[0m  [1m[32mINSERT INTO "corgis" ("name", "created_at", "updated_at") VALUES ($1, $2, $3) RETURNING "id"[0m  [["name", "Winfield"], ["created_at", "2018-01-08 04:10:58.474642"], ["updated_at", "2018-01-08 04:10:58.474642"]]
  [1m[35m (1.1ms)[0m  [1m[35mCOMMIT[0m
  [1m[35m (0.2ms)[0m  [1m[35mBEGIN[0m
  [1m[35mSQL (0.9ms)[0m  [1m[32mINSERT INTO "cats" ("name", "created_at", "updated_at") VALUES ($1, $2, $3) RETURNING "id"[0m  [["name", "Junius"], ["created_at", "2018-01-08 04:10:58.479775"], ["updated_at", "2018-01-08 04:10:58.479775"]]
  [1m[35m (1.0ms)[0m  [1m[35mCOMMIT[0m
  [1m[35m (0.3ms)[0m  [1m[35mBEGIN[0m
  [1m[35mSQL (0.5ms)[0m  [1m[32mINSERT INTO "corgis" ("name", "created_at", "updated_at") VALUES ($1, $2, $3) RETURNING "id"[0m  [["name", "Reynold"], ["created_at", "2018-01-08 04:10:58.485602"], ["updated_at", "2018-01-08 04:10:58.485602"]]
  [1m[35m (1.0ms)[0m  [1m[35mCOMMIT[0m
  [1m[35m (0.2ms)[0m  [1m[35mBEGIN[0m
  [1m[35mSQL (0.5ms)[0m  [1m[32mINSERT INTO "cats" ("name", "created_at", "updated_at") VALUES ($1, $2, $3) RETURNING "id"[0m  [["name", "Deron"], ["created_at", "2018-01-08 04:10:58.489226"], ["updated_at", "2018-01-08 04:10:58.489226"]]
  [1m[35m (1.0ms)[0m  [1m[35mCOMMIT[0m
  [1m[35m (0.2ms)[0m  [1m[35mBEGIN[0m
  [1m[35mSQL (0.7ms)[0m  [1m[32mINSERT INTO "corgis" ("name", "created_at", "updated_at") VALUES ($1, $2, $3) RETURNING "id"[0m  [["name", "Dayna"], ["created_at", "2018-01-08 04:10:58.493557"], ["updated_at", "2018-01-08 04:10:58.493557"]]
  [1m[35m (1.2ms)[0m  [1m[35mCOMMIT[0m
  [1m[35m (0.1ms)[0m  [1m[35mBEGIN[0m
  [1m[35mSQL (0.5ms)[0m  [1m[32mINSERT INTO "cats" ("name", "created_at", "updated_at") VALUES ($1, $2, $3) RETURNING "id"[0m  [["name", "Mario"], ["created_at", "2018-01-08 04:10:58.498268"], ["updated_at", "2018-01-08 04:10:58.498268"]]
  [1m[35m (1.1ms)[0m  [1m[35mCOMMIT[0m
  [1m[35m (0.3ms)[0m  [1m[35mBEGIN[0m
  [1m[35mSQL (0.5ms)[0m  [1m[32mINSERT INTO "corgis" ("name", "created_at", "updated_at") VALUES ($1, $2, $3) RETURNING "id"[0m  [["name", "Karen"], ["created_at", "2018-01-08 04:10:58.502199"], ["updated_at", "2018-01-08 04:10:58.502199"]]
  [1m[35m (1.0ms)[0m  [1m[35mCOMMIT[0m
  [1m[35m (0.3ms)[0m  [1m[35mBEGIN[0m
  [1m[35mSQL (0.4ms)[0m  [1m[32mINSERT INTO "cats" ("name", "created_at", "updated_at") VALUES ($1, $2, $3) RETURNING "id"[0m  [["name", "Natalia"], ["created_at", "2018-01-08 04:10:58.505612"], ["updated_at", "2018-01-08 04:10:58.505612"]]
  [1m[35m (1.0ms)[0m  [1m[35mCOMMIT[0m
  [1m[35m (0.2ms)[0m  [1m[35mBEGIN[0m
  [1m[36mCat Load (0.5ms)[0m  [1m[34mSELECT  "cats".* FROM "cats" WHERE "cats"."id" = $1 LIMIT $2[0m  [["id", 8], ["LIMIT", 1]]
  [1m[36mToy Exists (0.8ms)[0m  [1m[34mSELECT  1 AS one FROM "toys" WHERE "toys"."name" = $1 AND "toys"."toyable_type" = 'Cat' AND "toys"."toyable_id" = 8 LIMIT $2[0m  [["name", "Ultra Bloodhawk"], ["LIMIT", 1]]
  [1m[35mSQL (0.5ms)[0m  [1m[32mINSERT INTO "toys" ("name", "toyable_id", "toyable_type", "created_at", "updated_at") VALUES ($1, $2, $3, $4, $5) RETURNING "id"[0m  [["name", "Ultra Bloodhawk"], ["toyable_id", 8], ["toyable_type", "Cat"], ["created_at", "2018-01-08 04:10:58.538834"], ["updated_at", "2018-01-08 04:10:58.538834"]]
  [1m[35m (0.9ms)[0m  [1m[35mCOMMIT[0m
  [1m[35m (0.1ms)[0m  [1m[35mBEGIN[0m
  [1m[36mCorgi Load (0.2ms)[0m  [1m[34mSELECT  "corgis".* FROM "corgis" WHERE "corgis"."id" = $1 LIMIT $2[0m  [["id", 10], ["LIMIT", 1]]
  [1m[36mToy Exists (0.3ms)[0m  [1m[34mSELECT  1 AS one FROM "toys" WHERE "toys"."name" = $1 AND "toys"."toyable_type" = 'Corgi' AND "toys"."toyable_id" = 10 LIMIT $2[0m  [["name", "The Cable Woman"], ["LIMIT", 1]]
  [1m[35mSQL (0.2ms)[0m  [1m[32mINSERT INTO "toys" ("name", "toyable_id", "toyable_type", "created_at", "updated_at") VALUES ($1, $2, $3, $4, $5) RETURNING "id"[0m  [["name", "The Cable Woman"], ["toyable_id", 10], ["toyable_type", "Corgi"], ["created_at", "2018-01-08 04:10:58.545142"], ["updated_at", "2018-01-08 04:10:58.545142"]]
  [1m[35m (0.9ms)[0m  [1m[35mCOMMIT[0m
  [1m[35m (0.3ms)[0m  [1m[35mBEGIN[0m
  [1m[36mCorgi Load (0.6ms)[0m  [1m[34mSELECT  "corgis".* FROM "corgis" WHERE "corgis"."id" = $1 LIMIT $2[0m  [["id", 9], ["LIMIT", 1]]
  [1m[36mToy Exists (0.8ms)[0m  [1m[34mSELECT  1 AS one FROM "toys" WHERE "toys"."name" = $1 AND "toys"."toyable_type" = 'Corgi' AND "toys"."toyable_id" = 9 LIMIT $2[0m  [["name", "Psylocke"], ["LIMIT", 1]]
  [1m[35mSQL (0.8ms)[0m  [1m[32mINSERT INTO "toys" ("name", "toyable_id", "toyable_type", "created_at", "updated_at") VALUES ($1, $2, $3, $4, $5) RETURNING "id"[0m  [["name", "Psylocke"], ["toyable_id", 9], ["toyable_type", "Corgi"], ["created_at", "2018-01-08 04:10:58.554236"], ["updated_at", "2018-01-08 04:10:58.554236"]]
  [1m[35m (1.3ms)[0m  [1m[35mCOMMIT[0m
  [1m[35m (0.3ms)[0m  [1m[35mBEGIN[0m
  [1m[36mCorgi Load (0.4ms)[0m  [1m[34mSELECT  "corgis".* FROM "corgis" WHERE "corgis"."id" = $1 LIMIT $2[0m  [["id", 6], ["LIMIT", 1]]
  [1m[36mToy Exists (0.6ms)[0m  [1m[34mSELECT  1 AS one FROM "toys" WHERE "toys"."name" = $1 AND "toys"."toyable_type" = 'Corgi' AND "toys"."toyable_id" = 6 LIMIT $2[0m  [["name", "Buffy Wolf"], ["LIMIT", 1]]
  [1m[35mSQL (0.6ms)[0m  [1m[32mINSERT INTO "toys" ("name", "toyable_id", "toyable_type", "created_at", "updated_at") VALUES ($1, $2, $3, $4, $5) RETURNING "id"[0m  [["name", "Buffy Wolf"], ["toyable_id", 6], ["toyable_type", "Corgi"], ["created_at", "2018-01-08 04:10:58.564516"], ["updated_at", "2018-01-08 04:10:58.564516"]]
  [1m[35m (1.1ms)[0m  [1m[35mCOMMIT[0m
  [1m[35m (0.2ms)[0m  [1m[35mBEGIN[0m
  [1m[36mCat Load (0.3ms)[0m  [1m[34mSELECT  "cats".* FROM "cats" WHERE "cats"."id" = $1 LIMIT $2[0m  [["id", 3], ["LIMIT", 1]]
  [1m[36mToy Exists (0.4ms)[0m  [1m[34mSELECT  1 AS one FROM "toys" WHERE "toys"."name" = $1 AND "toys"."toyable_type" = 'Cat' AND "toys"."toyable_id" = 3 LIMIT $2[0m  [["name", "Cy-Gor Brain"], ["LIMIT", 1]]
  [1m[35mSQL (0.3ms)[0m  [1m[32mINSERT INTO "toys" ("name", "toyable_id", "toyable_type", "created_at", "updated_at") VALUES ($1, $2, $3, $4, $5) RETURNING "id"[0m  [["name", "Cy-Gor Brain"], ["toyable_id", 3], ["toyable_type", "Cat"], ["created_at", "2018-01-08 04:10:58.572150"], ["updated_at", "2018-01-08 04:10:58.572150"]]
  [1m[35m (1.1ms)[0m  [1m[35mCOMMIT[0m
  [1m[35m (0.1ms)[0m  [1m[35mBEGIN[0m
  [1m[36mCat Load (0.2ms)[0m  [1m[34mSELECT  "cats".* FROM "cats" WHERE "cats"."id" = $1 LIMIT $2[0m  [["id", 7], ["LIMIT", 1]]
  [1m[36mToy Exists (0.3ms)[0m  [1m[34mSELECT  1 AS one FROM "toys" WHERE "toys"."name" = $1 AND "toys"."toyable_type" = 'Cat' AND "toys"."toyable_id" = 7 LIMIT $2[0m  [["name", "Agent Klaw"], ["LIMIT", 1]]
  [1m[35mSQL (0.3ms)[0m  [1m[32mINSERT INTO "toys" ("name", "toyable_id", "toyable_type", "created_at", "updated_at") VALUES ($1, $2, $3, $4, $5) RETURNING "id"[0m  [["name", "Agent Klaw"], ["toyable_id", 7], ["toyable_type", "Cat"], ["created_at", "2018-01-08 04:10:58.577756"], ["updated_at", "2018-01-08 04:10:58.577756"]]
  [1m[35m (1.1ms)[0m  [1m[35mCOMMIT[0m
  [1m[35m (0.2ms)[0m  [1m[35mBEGIN[0m
  [1m[36mCat Load (0.5ms)[0m  [1m[34mSELECT  "cats".* FROM "cats" WHERE "cats"."id" = $1 LIMIT $2[0m  [["id", 7], ["LIMIT", 1]]
  [1m[36mToy Exists (0.5ms)[0m  [1m[34mSELECT  1 AS one FROM "toys" WHERE "toys"."name" = $1 AND "toys"."toyable_type" = 'Cat' AND "toys"."toyable_id" = 7 LIMIT $2[0m  [["name", "Agent Walrus"], ["LIMIT", 1]]
  [1m[35mSQL (0.4ms)[0m  [1m[32mINSERT INTO "toys" ("name", "toyable_id", "toyable_type", "created_at", "updated_at") VALUES ($1, $2, $3, $4, $5) RETURNING "id"[0m  [["name", "Agent Walrus"], ["toyable_id", 7], ["toyable_type", "Cat"], ["created_at", "2018-01-08 04:10:58.583906"], ["updated_at", "2018-01-08 04:10:58.583906"]]
  [1m[35m (1.2ms)[0m  [1m[35mCOMMIT[0m
  [1m[35m (0.2ms)[0m  [1m[35mBEGIN[0m
  [1m[36mCorgi Load (0.4ms)[0m  [1m[34mSELECT  "corgis".* FROM "corgis" WHERE "corgis"."id" = $1 LIMIT $2[0m  [["id", 7], ["LIMIT", 1]]
  [1m[36mToy Exists (0.4ms)[0m  [1m[34mSELECT  1 AS one FROM "toys" WHERE "toys"."name" = $1 AND "toys"."toyable_type" = 'Corgi' AND "toys"."toyable_id" = 7 LIMIT $2[0m  [["name", "Dark Triton"], ["LIMIT", 1]]
  [1m[35mSQL (0.4ms)[0m  [1m[32mINSERT INTO "toys" ("name", "toyable_id", "toyable_type", "created_at", "updated_at") VALUES ($1, $2, $3, $4, $5) RETURNING "id"[0m  [["name", "Dark Triton"], ["toyable_id", 7], ["toyable_type", "Corgi"], ["created_at", "2018-01-08 04:10:58.590386"], ["updated_at", "2018-01-08 04:10:58.590386"]]
  [1m[35m (1.2ms)[0m  [1m[35mCOMMIT[0m
  [1m[35m (0.1ms)[0m  [1m[35mBEGIN[0m
  [1m[36mCat Load (0.3ms)[0m  [1m[34mSELECT  "cats".* FROM "cats" WHERE "cats"."id" = $1 LIMIT $2[0m  [["id", 5], ["LIMIT", 1]]
  [1m[36mToy Exists (0.4ms)[0m  [1m[34mSELECT  1 AS one FROM "toys" WHERE "toys"."name" = $1 AND "toys"."toyable_type" = 'Cat' AND "toys"."toyable_id" = 5 LIMIT $2[0m  [["name", "Supah Blob"], ["LIMIT", 1]]
  [1m[35mSQL (0.5ms)[0m  [1m[32mINSERT INTO "toys" ("name", "toyable_id", "toyable_type", "created_at", "updated_at") VALUES ($1, $2, $3, $4, $5) RETURNING "id"[0m  [["name", "Supah Blob"], ["toyable_id", 5], ["toyable_type", "Cat"], ["created_at", "2018-01-08 04:10:58.596540"], ["updated_at", "2018-01-08 04:10:58.596540"]]
  [1m[35m (1.1ms)[0m  [1m[35mCOMMIT[0m
  [1m[35m (0.2ms)[0m  [1m[35mBEGIN[0m
  [1m[36mCorgi Load (0.4ms)[0m  [1m[34mSELECT  "corgis".* FROM "corgis" WHERE "corgis"."id" = $1 LIMIT $2[0m  [["id", 4], ["LIMIT", 1]]
  [1m[36mToy Exists (0.4ms)[0m  [1m[34mSELECT  1 AS one FROM "toys" WHERE "toys"."name" = $1 AND "toys"."toyable_type" = 'Corgi' AND "toys"."toyable_id" = 4 LIMIT $2[0m  [["name", "Cyborg Firestar"], ["LIMIT", 1]]
  [1m[35mSQL (0.5ms)[0m  [1m[32mINSERT INTO "toys" ("name", "toyable_id", "toyable_type", "created_at", "updated_at") VALUES ($1, $2, $3, $4, $5) RETURNING "id"[0m  [["name", "Cyborg Firestar"], ["toyable_id", 4], ["toyable_type", "Corgi"], ["created_at", "2018-01-08 04:10:58.602869"], ["updated_at", "2018-01-08 04:10:58.602869"]]
  [1m[35m (1.1ms)[0m  [1m[35mCOMMIT[0m
  [1m[35m (0.2ms)[0m  [1m[35mBEGIN[0m
  [1m[36mCorgi Load (0.4ms)[0m  [1m[34mSELECT  "corgis".* FROM "corgis" WHERE "corgis"."id" = $1 LIMIT $2[0m  [["id", 4], ["LIMIT", 1]]
  [1m[36mToy Exists (0.4ms)[0m  [1m[34mSELECT  1 AS one FROM "toys" WHERE "toys"."name" = $1 AND "toys"."toyable_type" = 'Corgi' AND "toys"."toyable_id" = 4 LIMIT $2[0m  [["name", "Mr Angel"], ["LIMIT", 1]]
  [1m[35mSQL (0.4ms)[0m  [1m[32mINSERT INTO "toys" ("name", "toyable_id", "toyable_type", "created_at", "updated_at") VALUES ($1, $2, $3, $4, $5) RETURNING "id"[0m  [["name", "Mr Angel"], ["toyable_id", 4], ["toyable_type", "Corgi"], ["created_at", "2018-01-08 04:10:58.609092"], ["updated_at", "2018-01-08 04:10:58.609092"]]
  [1m[35m (1.0ms)[0m  [1m[35mCOMMIT[0m
  [1m[35m (0.1ms)[0m  [1m[35mBEGIN[0m
  [1m[36mCorgi Load (0.2ms)[0m  [1m[34mSELECT  "corgis".* FROM "corgis" WHERE "corgis"."id" = $1 LIMIT $2[0m  [["id", 8], ["LIMIT", 1]]
  [1m[36mToy Exists (0.3ms)[0m  [1m[34mSELECT  1 AS one FROM "toys" WHERE "toys"."name" = $1 AND "toys"."toyable_type" = 'Corgi' AND "toys"."toyable_id" = 8 LIMIT $2[0m  [["name", "Ajax"], ["LIMIT", 1]]
  [1m[35mSQL (0.3ms)[0m  [1m[32mINSERT INTO "toys" ("name", "toyable_id", "toyable_type", "created_at", "updated_at") VALUES ($1, $2, $3, $4, $5) RETURNING "id"[0m  [["name", "Ajax"], ["toyable_id", 8], ["toyable_type", "Corgi"], ["created_at", "2018-01-08 04:10:58.614498"], ["updated_at", "2018-01-08 04:10:58.614498"]]
  [1m[35m (1.0ms)[0m  [1m[35mCOMMIT[0m
  [1m[35m (0.1ms)[0m  [1m[35mBEGIN[0m
  [1m[36mCorgi Load (0.2ms)[0m  [1m[34mSELECT  "corgis".* FROM "corgis" WHERE "corgis"."id" = $1 LIMIT $2[0m  [["id", 10], ["LIMIT", 1]]
  [1m[36mToy Exists (0.4ms)[0m  [1m[34mSELECT  1 AS one FROM "toys" WHERE "toys"."name" = $1 AND "toys"."toyable_type" = 'Corgi' AND "toys"."toyable_id" = 10 LIMIT $2[0m  [["name", "Speedball Ivy"], ["LIMIT", 1]]
  [1m[35mSQL (0.3ms)[0m  [1m[32mINSERT INTO "toys" ("name", "toyable_id", "toyable_type", "created_at", "updated_at") VALUES ($1, $2, $3, $4, $5) RETURNING "id"[0m  [["name", "Speedball Ivy"], ["toyable_id", 10], ["toyable_type", "Corgi"], ["created_at", "2018-01-08 04:10:58.619874"], ["updated_at", "2018-01-08 04:10:58.619874"]]
  [1m[35m (1.0ms)[0m  [1m[35mCOMMIT[0m
  [1m[35m (0.1ms)[0m  [1m[35mBEGIN[0m
  [1m[36mCorgi Load (0.3ms)[0m  [1m[34mSELECT  "corgis".* FROM "corgis" WHERE "corgis"."id" = $1 LIMIT $2[0m  [["id", 3], ["LIMIT", 1]]
  [1m[36mToy Exists (0.4ms)[0m  [1m[34mSELECT  1 AS one FROM "toys" WHERE "toys"."name" = $1 AND "toys"."toyable_type" = 'Corgi' AND "toys"."toyable_id" = 3 LIMIT $2[0m  [["name", "Agent Deathstroke the Fated"], ["LIMIT", 1]]
  [1m[35mSQL (0.3ms)[0m  [1m[32mINSERT INTO "toys" ("name", "toyable_id", "toyable_type", "created_at", "updated_at") VALUES ($1, $2, $3, $4, $5) RETURNING "id"[0m  [["name", "Agent Deathstroke the Fated"], ["toyable_id", 3], ["toyable_type", "Corgi"], ["created_at", "2018-01-08 04:10:58.625443"], ["updated_at", "2018-01-08 04:10:58.625443"]]
  [1m[35m (1.2ms)[0m  [1m[35mCOMMIT[0m
  [1m[35m (0.2ms)[0m  [1m[35mBEGIN[0m
  [1m[36mCat Load (0.4ms)[0m  [1m[34mSELECT  "cats".* FROM "cats" WHERE "cats"."id" = $1 LIMIT $2[0m  [["id", 7], ["LIMIT", 1]]
  [1m[36mToy Exists (0.4ms)[0m  [1m[34mSELECT  1 AS one FROM "toys" WHERE "toys"."name" = $1 AND "toys"."toyable_type" = 'Cat' AND "toys"."toyable_id" = 7 LIMIT $2[0m  [["name", "Giant Guardian"], ["LIMIT", 1]]
  [1m[35mSQL (0.4ms)[0m  [1m[32mINSERT INTO "toys" ("name", "toyable_id", "toyable_type", "created_at", "updated_at") VALUES ($1, $2, $3, $4, $5) RETURNING "id"[0m  [["name", "Giant Guardian"], ["toyable_id", 7], ["toyable_type", "Cat"], ["created_at", "2018-01-08 04:10:58.631304"], ["updated_at", "2018-01-08 04:10:58.631304"]]
  [1m[35m (1.1ms)[0m  [1m[35mCOMMIT[0m
  [1m[35m (0.2ms)[0m  [1m[35mBEGIN[0m
  [1m[36mCat Load (0.2ms)[0m  [1m[34mSELECT  "cats".* FROM "cats" WHERE "cats"."id" = $1 LIMIT $2[0m  [["id", 3], ["LIMIT", 1]]
  [1m[36mToy Exists (0.4ms)[0m  [1m[34mSELECT  1 AS one FROM "toys" WHERE "toys"."name" = $1 AND "toys"."toyable_type" = 'Cat' AND "toys"."toyable_id" = 3 LIMIT $2[0m  [["name", "Zatanna Dragon"], ["LIMIT", 1]]
  [1m[35mSQL (0.4ms)[0m  [1m[32mINSERT INTO "toys" ("name", "toyable_id", "toyable_type", "created_at", "updated_at") VALUES ($1, $2, $3, $4, $5) RETURNING "id"[0m  [["name", "Zatanna Dragon"], ["toyable_id", 3], ["toyable_type", "Cat"], ["created_at", "2018-01-08 04:10:58.637168"], ["updated_at", "2018-01-08 04:10:58.637168"]]
  [1m[35m (0.8ms)[0m  [1m[35mCOMMIT[0m
  [1m[35m (0.1ms)[0m  [1m[35mBEGIN[0m
  [1m[36mCat Load (0.2ms)[0m  [1m[34mSELECT  "cats".* FROM "cats" WHERE "cats"."id" = $1 LIMIT $2[0m  [["id", 11], ["LIMIT", 1]]
  [1m[36mToy Exists (0.3ms)[0m  [1m[34mSELECT  1 AS one FROM "toys" WHERE "toys"."name" = $1 AND "toys"."toyable_type" = 'Cat' AND "toys"."toyable_id" = 11 LIMIT $2[0m  [["name", "Riddler"], ["LIMIT", 1]]
  [1m[35mSQL (0.3ms)[0m  [1m[32mINSERT INTO "toys" ("name", "toyable_id", "toyable_type", "created_at", "updated_at") VALUES ($1, $2, $3, $4, $5) RETURNING "id"[0m  [["name", "Riddler"], ["toyable_id", 11], ["toyable_type", "Cat"], ["created_at", "2018-01-08 04:10:58.642746"], ["updated_at", "2018-01-08 04:10:58.642746"]]
  [1m[35m (1.0ms)[0m  [1m[35mCOMMIT[0m
  [1m[35m (0.1ms)[0m  [1m[35mBEGIN[0m
  [1m[36mCorgi Load (0.2ms)[0m  [1m[34mSELECT  "corgis".* FROM "corgis" WHERE "corgis"."id" = $1 LIMIT $2[0m  [["id", 2], ["LIMIT", 1]]
  [1m[36mToy Exists (0.3ms)[0m  [1m[34mSELECT  1 AS one FROM "toys" WHERE "toys"."name" = $1 AND "toys"."toyable_type" = 'Corgi' AND "toys"."toyable_id" = 2 LIMIT $2[0m  [["name", "Renata Soliz II"], ["LIMIT", 1]]
  [1m[35mSQL (0.3ms)[0m  [1m[32mINSERT INTO "toys" ("name", "toyable_id", "toyable_type", "created_at", "updated_at") VALUES ($1, $2, $3, $4, $5) RETURNING "id"[0m  [["name", "Renata Soliz II"], ["toyable_id", 2], ["toyable_type", "Corgi"], ["created_at", "2018-01-08 04:10:58.648024"], ["updated_at", "2018-01-08 04:10:58.648024"]]
  [1m[35m (0.9ms)[0m  [1m[35mCOMMIT[0m
  [1m[35m (0.2ms)[0m  [1m[35mBEGIN[0m
  [1m[36mCorgi Load (0.3ms)[0m  [1m[34mSELECT  "corgis".* FROM "corgis" WHERE "corgis"."id" = $1 LIMIT $2[0m  [["id", 8], ["LIMIT", 1]]
  [1m[36mToy Exists (0.4ms)[0m  [1m[34mSELECT  1 AS one FROM "toys" WHERE "toys"."name" = $1 AND "toys"."toyable_type" = 'Corgi' AND "toys"."toyable_id" = 8 LIMIT $2[0m  [["name", "Illustrious Raven XI"], ["LIMIT", 1]]
  [1m[35mSQL (0.4ms)[0m  [1m[32mINSERT INTO "toys" ("name", "toyable_id", "toyable_type", "created_at", "updated_at") VALUES ($1, $2, $3, $4, $5) RETURNING "id"[0m  [["name", "Illustrious Raven XI"], ["toyable_id", 8], ["toyable_type", "Corgi"], ["created_at", "2018-01-08 04:10:58.653929"], ["updated_at", "2018-01-08 04:10:58.653929"]]
  [1m[35m (1.0ms)[0m  [1m[35mCOMMIT[0m
  [1m[35m (0.2ms)[0m  [1m[35mBEGIN[0m
  [1m[36mCorgi Load (0.3ms)[0m  [1m[34mSELECT  "corgis".* FROM "corgis" WHERE "corgis"."id" = $1 LIMIT $2[0m  [["id", 9], ["LIMIT", 1]]
  [1m[36mToy Exists (0.6ms)[0m  [1m[34mSELECT  1 AS one FROM "toys" WHERE "toys"."name" = $1 AND "toys"."toyable_type" = 'Corgi' AND "toys"."toyable_id" = 9 LIMIT $2[0m  [["name", "Vibe Brain"], ["LIMIT", 1]]
  [1m[35mSQL (0.4ms)[0m  [1m[32mINSERT INTO "toys" ("name", "toyable_id", "toyable_type", "created_at", "updated_at") VALUES ($1, $2, $3, $4, $5) RETURNING "id"[0m  [["name", "Vibe Brain"], ["toyable_id", 9], ["toyable_type", "Corgi"], ["created_at", "2018-01-08 04:10:58.659976"], ["updated_at", "2018-01-08 04:10:58.659976"]]
  [1m[35m (0.9ms)[0m  [1m[35mCOMMIT[0m
  [1m[35m (0.2ms)[0m  [1m[35mBEGIN[0m
  [1m[36mCorgi Load (0.2ms)[0m  [1m[34mSELECT  "corgis".* FROM "corgis" WHERE "corgis"."id" = $1 LIMIT $2[0m  [["id", 5], ["LIMIT", 1]]
  [1m[36mToy Exists (0.4ms)[0m  [1m[34mSELECT  1 AS one FROM "toys" WHERE "toys"."name" = $1 AND "toys"."toyable_type" = 'Corgi' AND "toys"."toyable_id" = 5 LIMIT $2[0m  [["name", "Two-Face"], ["LIMIT", 1]]
  [1m[35mSQL (0.4ms)[0m  [1m[32mINSERT INTO "toys" ("name", "toyable_id", "toyable_type", "created_at", "updated_at") VALUES ($1, $2, $3, $4, $5) RETURNING "id"[0m  [["name", "Two-Face"], ["toyable_id", 5], ["toyable_type", "Corgi"], ["created_at", "2018-01-08 04:10:58.665522"], ["updated_at", "2018-01-08 04:10:58.665522"]]
  [1m[35m (1.0ms)[0m  [1m[35mCOMMIT[0m
  [1m[35m (0.2ms)[0m  [1m[35mBEGIN[0m
  [1m[36mCat Load (0.3ms)[0m  [1m[34mSELECT  "cats".* FROM "cats" WHERE "cats"."id" = $1 LIMIT $2[0m  [["id", 2], ["LIMIT", 1]]
  [1m[36mToy Exists (0.5ms)[0m  [1m[34mSELECT  1 AS one FROM "toys" WHERE "toys"."name" = $1 AND "toys"."toyable_type" = 'Cat' AND "toys"."toyable_id" = 2 LIMIT $2[0m  [["name", "Warp Dragon"], ["LIMIT", 1]]
  [1m[35mSQL (0.3ms)[0m  [1m[32mINSERT INTO "toys" ("name", "toyable_id", "toyable_type", "created_at", "updated_at") VALUES ($1, $2, $3, $4, $5) RETURNING "id"[0m  [["name", "Warp Dragon"], ["toyable_id", 2], ["toyable_type", "Cat"], ["created_at", "2018-01-08 04:10:58.671654"], ["updated_at", "2018-01-08 04:10:58.671654"]]
  [1m[35m (0.9ms)[0m  [1m[35mCOMMIT[0m
  [1m[35m (0.3ms)[0m  [1m[35mBEGIN[0m
  [1m[36mCorgi Load (0.3ms)[0m  [1m[34mSELECT  "corgis".* FROM "corgis" WHERE "corgis"."id" = $1 LIMIT $2[0m  [["id", 11], ["LIMIT", 1]]
  [1m[36mToy Exists (0.5ms)[0m  [1m[34mSELECT  1 AS one FROM "toys" WHERE "toys"."name" = $1 AND "toys"."toyable_type" = 'Corgi' AND "toys"."toyable_id" = 11 LIMIT $2[0m  [["name", "Copycat"], ["LIMIT", 1]]
  [1m[35mSQL (0.4ms)[0m  [1m[32mINSERT INTO "toys" ("name", "toyable_id", "toyable_type", "created_at", "updated_at") VALUES ($1, $2, $3, $4, $5) RETURNING "id"[0m  [["name", "Copycat"], ["toyable_id", 11], ["toyable_type", "Corgi"], ["created_at", "2018-01-08 04:10:58.677735"], ["updated_at", "2018-01-08 04:10:58.677735"]]
  [1m[35m (1.0ms)[0m  [1m[35mCOMMIT[0m
  [1m[35m (0.2ms)[0m  [1m[35mBEGIN[0m
  [1m[36mCorgi Load (0.3ms)[0m  [1m[34mSELECT  "corgis".* FROM "corgis" WHERE "corgis"."id" = $1 LIMIT $2[0m  [["id", 2], ["LIMIT", 1]]
  [1m[36mToy Exists (0.4ms)[0m  [1m[34mSELECT  1 AS one FROM "toys" WHERE "toys"."name" = $1 AND "toys"."toyable_type" = 'Corgi' AND "toys"."toyable_id" = 2 LIMIT $2[0m  [["name", "Magnificent Junkpile Spirit"], ["LIMIT", 1]]
  [1m[35mSQL (0.4ms)[0m  [1m[32mINSERT INTO "toys" ("name", "toyable_id", "toyable_type", "created_at", "updated_at") VALUES ($1, $2, $3, $4, $5) RETURNING "id"[0m  [["name", "Magnificent Junkpile Spirit"], ["toyable_id", 2], ["toyable_type", "Corgi"], ["created_at", "2018-01-08 04:10:58.683572"], ["updated_at", "2018-01-08 04:10:58.683572"]]
  [1m[35m (1.0ms)[0m  [1m[35mCOMMIT[0m
  [1m[35m (0.2ms)[0m  [1m[35mBEGIN[0m
  [1m[36mCat Load (0.3ms)[0m  [1m[34mSELECT  "cats".* FROM "cats" WHERE "cats"."id" = $1 LIMIT $2[0m  [["id", 2], ["LIMIT", 1]]
  [1m[36mToy Exists (0.5ms)[0m  [1m[34mSELECT  1 AS one FROM "toys" WHERE "toys"."name" = $1 AND "toys"."toyable_type" = 'Cat' AND "toys"."toyable_id" = 2 LIMIT $2[0m  [["name", "Ultron"], ["LIMIT", 1]]
  [1m[35mSQL (0.7ms)[0m  [1m[32mINSERT INTO "toys" ("name", "toyable_id", "toyable_type", "created_at", "updated_at") VALUES ($1, $2, $3, $4, $5) RETURNING "id"[0m  [["name", "Ultron"], ["toyable_id", 2], ["toyable_type", "Cat"], ["created_at", "2018-01-08 04:10:58.689869"], ["updated_at", "2018-01-08 04:10:58.689869"]]
  [1m[35m (1.0ms)[0m  [1m[35mCOMMIT[0m
  [1m[35m (0.2ms)[0m  [1m[35mBEGIN[0m
  [1m[36mCorgi Load (0.3ms)[0m  [1m[34mSELECT  "corgis".* FROM "corgis" WHERE "corgis"."id" = $1 LIMIT $2[0m  [["id", 11], ["LIMIT", 1]]
  [1m[36mToy Exists (0.3ms)[0m  [1m[34mSELECT  1 AS one FROM "toys" WHERE "toys"."name" = $1 AND "toys"."toyable_type" = 'Corgi' AND "toys"."toyable_id" = 11 LIMIT $2[0m  [["name", "Quicksilver"], ["LIMIT", 1]]
  [1m[35mSQL (0.3ms)[0m  [1m[32mINSERT INTO "toys" ("name", "toyable_id", "toyable_type", "created_at", "updated_at") VALUES ($1, $2, $3, $4, $5) RETURNING "id"[0m  [["name", "Quicksilver"], ["toyable_id", 11], ["toyable_type", "Corgi"], ["created_at", "2018-01-08 04:10:58.695450"], ["updated_at", "2018-01-08 04:10:58.695450"]]
  [1m[35m (0.9ms)[0m  [1m[35mCOMMIT[0m
  [1m[35m (0.2ms)[0m  [1m[35mBEGIN[0m
  [1m[36mCat Load (0.3ms)[0m  [1m[34mSELECT  "cats".* FROM "cats" WHERE "cats"."id" = $1 LIMIT $2[0m  [["id", 8], ["LIMIT", 1]]
  [1m[36mToy Exists (0.4ms)[0m  [1m[34mSELECT  1 AS one FROM "toys" WHERE "toys"."name" = $1 AND "toys"."toyable_type" = 'Cat' AND "toys"."toyable_id" = 8 LIMIT $2[0m  [["name", "Ymir Strike"], ["LIMIT", 1]]
  [1m[35mSQL (0.3ms)[0m  [1m[32mINSERT INTO "toys" ("name", "toyable_id", "toyable_type", "created_at", "updated_at") VALUES ($1, $2, $3, $4, $5) RETURNING "id"[0m  [["name", "Ymir Strike"], ["toyable_id", 8], ["toyable_type", "Cat"], ["created_at", "2018-01-08 04:10:58.700308"], ["updated_at", "2018-01-08 04:10:58.700308"]]
  [1m[35m (0.9ms)[0m  [1m[35mCOMMIT[0m
  [1m[35m (0.2ms)[0m  [1m[35mBEGIN[0m
  [1m[36mCorgi Load (0.3ms)[0m  [1m[34mSELECT  "corgis".* FROM "corgis" WHERE "corgis"."id" = $1 LIMIT $2[0m  [["id", 3], ["LIMIT", 1]]
  [1m[36mToy Exists (0.3ms)[0m  [1m[34mSELECT  1 AS one FROM "toys" WHERE "toys"."name" = $1 AND "toys"."toyable_type" = 'Corgi' AND "toys"."toyable_id" = 3 LIMIT $2[0m  [["name", "She-Hulk Claw"], ["LIMIT", 1]]
  [1m[35mSQL (0.4ms)[0m  [1m[32mINSERT INTO "toys" ("name", "toyable_id", "toyable_type", "created_at", "updated_at") VALUES ($1, $2, $3, $4, $5) RETURNING "id"[0m  [["name", "She-Hulk Claw"], ["toyable_id", 3], ["toyable_type", "Corgi"], ["created_at", "2018-01-08 04:10:58.705262"], ["updated_at", "2018-01-08 04:10:58.705262"]]
  [1m[35m (0.9ms)[0m  [1m[35mCOMMIT[0m
  [1m[35m (0.1ms)[0m  [1m[35mBEGIN[0m
  [1m[36mCorgi Load (0.2ms)[0m  [1m[34mSELECT  "corgis".* FROM "corgis" WHERE "corgis"."id" = $1 LIMIT $2[0m  [["id", 3], ["LIMIT", 1]]
  [1m[36mToy Exists (0.3ms)[0m  [1m[34mSELECT  1 AS one FROM "toys" WHERE "toys"."name" = $1 AND "toys"."toyable_type" = 'Corgi' AND "toys"."toyable_id" = 3 LIMIT $2[0m  [["name", "Sif"], ["LIMIT", 1]]
  [1m[35mSQL (0.4ms)[0m  [1m[32mINSERT INTO "toys" ("name", "toyable_id", "toyable_type", "created_at", "updated_at") VALUES ($1, $2, $3, $4, $5) RETURNING "id"[0m  [["name", "Sif"], ["toyable_id", 3], ["toyable_type", "Corgi"], ["created_at", "2018-01-08 04:10:58.709725"], ["updated_at", "2018-01-08 04:10:58.709725"]]
  [1m[35m (0.9ms)[0m  [1m[35mCOMMIT[0m
  [1m[35m (0.1ms)[0m  [1m[35mBEGIN[0m
  [1m[36mCorgi Load (0.3ms)[0m  [1m[34mSELECT  "corgis".* FROM "corgis" WHERE "corgis"."id" = $1 LIMIT $2[0m  [["id", 3], ["LIMIT", 1]]
  [1m[36mToy Exists (0.4ms)[0m  [1m[34mSELECT  1 AS one FROM "toys" WHERE "toys"."name" = $1 AND "toys"."toyable_type" = 'Corgi' AND "toys"."toyable_id" = 3 LIMIT $2[0m  [["name", "Cyclops Machine"], ["LIMIT", 1]]
  [1m[35mSQL (0.3ms)[0m  [1m[32mINSERT INTO "toys" ("name", "toyable_id", "toyable_type", "created_at", "updated_at") VALUES ($1, $2, $3, $4, $5) RETURNING "id"[0m  [["name", "Cyclops Machine"], ["toyable_id", 3], ["toyable_type", "Corgi"], ["created_at", "2018-01-08 04:10:58.714623"], ["updated_at", "2018-01-08 04:10:58.714623"]]
  [1m[35m (0.9ms)[0m  [1m[35mCOMMIT[0m
  [1m[35m (0.2ms)[0m  [1m[35mBEGIN[0m
  [1m[36mCorgi Load (0.2ms)[0m  [1m[34mSELECT  "corgis".* FROM "corgis" WHERE "corgis"."id" = $1 LIMIT $2[0m  [["id", 6], ["LIMIT", 1]]
  [1m[36mToy Exists (0.3ms)[0m  [1m[34mSELECT  1 AS one FROM "toys" WHERE "toys"."name" = $1 AND "toys"."toyable_type" = 'Corgi' AND "toys"."toyable_id" = 6 LIMIT $2[0m  [["name", "Proto-Goblin"], ["LIMIT", 1]]
  [1m[35mSQL (0.3ms)[0m  [1m[32mINSERT INTO "toys" ("name", "toyable_id", "toyable_type", "created_at", "updated_at") VALUES ($1, $2, $3, $4, $5) RETURNING "id"[0m  [["name", "Proto-Goblin"], ["toyable_id", 6], ["toyable_type", "Corgi"], ["created_at", "2018-01-08 04:10:58.719331"], ["updated_at", "2018-01-08 04:10:58.719331"]]
  [1m[35m (0.9ms)[0m  [1m[35mCOMMIT[0m
  [1m[35m (0.2ms)[0m  [1m[35mBEGIN[0m
  [1m[36mCorgi Load (0.3ms)[0m  [1m[34mSELECT  "corgis".* FROM "corgis" WHERE "corgis"."id" = $1 LIMIT $2[0m  [["id", 1], ["LIMIT", 1]]
  [1m[36mToy Exists (0.4ms)[0m  [1m[34mSELECT  1 AS one FROM "toys" WHERE "toys"."name" = $1 AND "toys"."toyable_type" = 'Corgi' AND "toys"."toyable_id" = 1 LIMIT $2[0m  [["name", "Magnificent Mimic"], ["LIMIT", 1]]
  [1m[35mSQL (0.3ms)[0m  [1m[32mINSERT INTO "toys" ("name", "toyable_id", "toyable_type", "created_at", "updated_at") VALUES ($1, $2, $3, $4, $5) RETURNING "id"[0m  [["name", "Magnificent Mimic"], ["toyable_id", 1], ["toyable_type", "Corgi"], ["created_at", "2018-01-08 04:10:58.724243"], ["updated_at", "2018-01-08 04:10:58.724243"]]
  [1m[35m (0.8ms)[0m  [1m[35mCOMMIT[0m
  [1m[35m (0.2ms)[0m  [1m[35mBEGIN[0m
  [1m[36mCorgi Load (0.2ms)[0m  [1m[34mSELECT  "corgis".* FROM "corgis" WHERE "corgis"."id" = $1 LIMIT $2[0m  [["id", 11], ["LIMIT", 1]]
  [1m[36mToy Exists (0.3ms)[0m  [1m[34mSELECT  1 AS one FROM "toys" WHERE "toys"."name" = $1 AND "toys"."toyable_type" = 'Corgi' AND "toys"."toyable_id" = 11 LIMIT $2[0m  [["name", "Giant Gamora Wolf"], ["LIMIT", 1]]
  [1m[35mSQL (0.4ms)[0m  [1m[32mINSERT INTO "toys" ("name", "toyable_id", "toyable_type", "created_at", "updated_at") VALUES ($1, $2, $3, $4, $5) RETURNING "id"[0m  [["name", "Giant Gamora Wolf"], ["toyable_id", 11], ["toyable_type", "Corgi"], ["created_at", "2018-01-08 04:10:58.728965"], ["updated_at", "2018-01-08 04:10:58.728965"]]
  [1m[35m (1.1ms)[0m  [1m[35mCOMMIT[0m
  [1m[35m (0.2ms)[0m  [1m[35mBEGIN[0m
  [1m[36mCorgi Load (0.3ms)[0m  [1m[34mSELECT  "corgis".* FROM "corgis" WHERE "corgis"."id" = $1 LIMIT $2[0m  [["id", 3], ["LIMIT", 1]]
  [1m[36mToy Exists (0.3ms)[0m  [1m[34mSELECT  1 AS one FROM "toys" WHERE "toys"."name" = $1 AND "toys"."toyable_type" = 'Corgi' AND "toys"."toyable_id" = 3 LIMIT $2[0m  [["name", "Red Cannonball"], ["LIMIT", 1]]
  [1m[35mSQL (0.4ms)[0m  [1m[32mINSERT INTO "toys" ("name", "toyable_id", "toyable_type", "created_at", "updated_at") VALUES ($1, $2, $3, $4, $5) RETURNING "id"[0m  [["name", "Red Cannonball"], ["toyable_id", 3], ["toyable_type", "Corgi"], ["created_at", "2018-01-08 04:10:58.734155"], ["updated_at", "2018-01-08 04:10:58.734155"]]
  [1m[35m (0.9ms)[0m  [1m[35mCOMMIT[0m
  [1m[35m (0.2ms)[0m  [1m[35mBEGIN[0m
  [1m[36mCat Load (0.3ms)[0m  [1m[34mSELECT  "cats".* FROM "cats" WHERE "cats"."id" = $1 LIMIT $2[0m  [["id", 8], ["LIMIT", 1]]
  [1m[36mToy Exists (0.4ms)[0m  [1m[34mSELECT  1 AS one FROM "toys" WHERE "toys"."name" = $1 AND "toys"."toyable_type" = 'Cat' AND "toys"."toyable_id" = 8 LIMIT $2[0m  [["name", "Agent Songbird Claw"], ["LIMIT", 1]]
  [1m[35mSQL (0.3ms)[0m  [1m[32mINSERT INTO "toys" ("name", "toyable_id", "toyable_type", "created_at", "updated_at") VALUES ($1, $2, $3, $4, $5) RETURNING "id"[0m  [["name", "Agent Songbird Claw"], ["toyable_id", 8], ["toyable_type", "Cat"], ["created_at", "2018-01-08 04:10:58.739154"], ["updated_at", "2018-01-08 04:10:58.739154"]]
  [1m[35m (0.9ms)[0m  [1m[35mCOMMIT[0m
  [1m[35m (0.1ms)[0m  [1m[35mBEGIN[0m
  [1m[36mCorgi Load (0.2ms)[0m  [1m[34mSELECT  "corgis".* FROM "corgis" WHERE "corgis"."id" = $1 LIMIT $2[0m  [["id", 9], ["LIMIT", 1]]
  [1m[36mToy Exists (0.2ms)[0m  [1m[34mSELECT  1 AS one FROM "toys" WHERE "toys"."name" = $1 AND "toys"."toyable_type" = 'Corgi' AND "toys"."toyable_id" = 9 LIMIT $2[0m  [["name", "Green Chameleon"], ["LIMIT", 1]]
  [1m[35mSQL (0.2ms)[0m  [1m[32mINSERT INTO "toys" ("name", "toyable_id", "toyable_type", "created_at", "updated_at") VALUES ($1, $2, $3, $4, $5) RETURNING "id"[0m  [["name", "Green Chameleon"], ["toyable_id", 9], ["toyable_type", "Corgi"], ["created_at", "2018-01-08 04:10:58.744045"], ["updated_at", "2018-01-08 04:10:58.744045"]]
  [1m[35m (0.9ms)[0m  [1m[35mCOMMIT[0m
  [1m[35m (0.1ms)[0m  [1m[35mBEGIN[0m
  [1m[36mCat Load (0.2ms)[0m  [1m[34mSELECT  "cats".* FROM "cats" WHERE "cats"."id" = $1 LIMIT $2[0m  [["id", 6], ["LIMIT", 1]]
  [1m[36mToy Exists (0.4ms)[0m  [1m[34mSELECT  1 AS one FROM "toys" WHERE "toys"."name" = $1 AND "toys"."toyable_type" = 'Cat' AND "toys"."toyable_id" = 6 LIMIT $2[0m  [["name", "Giant Amazo Man"], ["LIMIT", 1]]
  [1m[35mSQL (0.4ms)[0m  [1m[32mINSERT INTO "toys" ("name", "toyable_id", "toyable_type", "created_at", "updated_at") VALUES ($1, $2, $3, $4, $5) RETURNING "id"[0m  [["name", "Giant Amazo Man"], ["toyable_id", 6], ["toyable_type", "Cat"], ["created_at", "2018-01-08 04:10:58.748556"], ["updated_at", "2018-01-08 04:10:58.748556"]]
  [1m[35m (0.9ms)[0m  [1m[35mCOMMIT[0m
  [1m[35m (0.2ms)[0m  [1m[35mBEGIN[0m
  [1m[36mCat Load (0.5ms)[0m  [1m[34mSELECT  "cats".* FROM "cats" WHERE "cats"."id" = $1 LIMIT $2[0m  [["id", 4], ["LIMIT", 1]]
  [1m[36mToy Exists (0.4ms)[0m  [1m[34mSELECT  1 AS one FROM "toys" WHERE "toys"."name" = $1 AND "toys"."toyable_type" = 'Cat' AND "toys"."toyable_id" = 4 LIMIT $2[0m  [["name", "Predator XI"], ["LIMIT", 1]]
  [1m[35mSQL (0.4ms)[0m  [1m[32mINSERT INTO "toys" ("name", "toyable_id", "toyable_type", "created_at", "updated_at") VALUES ($1, $2, $3, $4, $5) RETURNING "id"[0m  [["name", "Predator XI"], ["toyable_id", 4], ["toyable_type", "Cat"], ["created_at", "2018-01-08 04:10:58.754298"], ["updated_at", "2018-01-08 04:10:58.754298"]]
  [1m[35m (1.0ms)[0m  [1m[35mCOMMIT[0m
  [1m[35m (0.1ms)[0m  [1m[35mBEGIN[0m
  [1m[36mCorgi Load (0.2ms)[0m  [1m[34mSELECT  "corgis".* FROM "corgis" WHERE "corgis"."id" = $1 LIMIT $2[0m  [["id", 5], ["LIMIT", 1]]
  [1m[36mToy Exists (0.4ms)[0m  [1m[34mSELECT  1 AS one FROM "toys" WHERE "toys"."name" = $1 AND "toys"."toyable_type" = 'Corgi' AND "toys"."toyable_id" = 5 LIMIT $2[0m  [["name", "Aqua Brain"], ["LIMIT", 1]]
  [1m[35mSQL (0.4ms)[0m  [1m[32mINSERT INTO "toys" ("name", "toyable_id", "toyable_type", "created_at", "updated_at") VALUES ($1, $2, $3, $4, $5) RETURNING "id"[0m  [["name", "Aqua Brain"], ["toyable_id", 5], ["toyable_type", "Corgi"], ["created_at", "2018-01-08 04:10:58.759191"], ["updated_at", "2018-01-08 04:10:58.759191"]]
  [1m[35m (1.0ms)[0m  [1m[35mCOMMIT[0m
  [1m[35m (0.2ms)[0m  [1m[35mBEGIN[0m
  [1m[36mCorgi Load (0.3ms)[0m  [1m[34mSELECT  "corgis".* FROM "corgis" WHERE "corgis"."id" = $1 LIMIT $2[0m  [["id", 7], ["LIMIT", 1]]
  [1m[36mToy Exists (0.4ms)[0m  [1m[34mSELECT  1 AS one FROM "toys" WHERE "toys"."name" = $1 AND "toys"."toyable_type" = 'Corgi' AND "toys"."toyable_id" = 7 LIMIT $2[0m  [["name", "Forge"], ["LIMIT", 1]]
  [1m[35mSQL (0.3ms)[0m  [1m[32mINSERT INTO "toys" ("name", "toyable_id", "toyable_type", "created_at", "updated_at") VALUES ($1, $2, $3, $4, $5) RETURNING "id"[0m  [["name", "Forge"], ["toyable_id", 7], ["toyable_type", "Corgi"], ["created_at", "2018-01-08 04:10:58.764186"], ["updated_at", "2018-01-08 04:10:58.764186"]]
  [1m[35m (1.1ms)[0m  [1m[35mCOMMIT[0m
  [1m[36mCat Load (0.2ms)[0m  [1m[34mSELECT  "cats".* FROM "cats" ORDER BY "cats"."id" ASC LIMIT $1[0m  [["LIMIT", 1]]
  [1m[36mToy Load (0.7ms)[0m  [1m[34mSELECT  "toys".* FROM "toys" WHERE "toys"."toyable_id" = $1 AND "toys"."toyable_type" = $2 LIMIT $3[0m  [["toyable_id", 1], ["toyable_type", "Cat"], ["LIMIT", 11]]
  [1m[36mCat Load (0.7ms)[0m  [1m[34mSELECT  "cats".* FROM "cats" LIMIT $1[0m  [["LIMIT", 11]]
  [1m[36mCat Load (0.6ms)[0m  [1m[34mSELECT  "cats".* FROM "cats" LIMIT $1[0m  [["LIMIT", 11]]
  [1m[36mCat Load (1.0ms)[0m  [1m[34mSELECT  "cats".* FROM "cats" WHERE "cats"."id" = $1 LIMIT $2[0m  [["id", 8], ["LIMIT", 1]]
  [1m[36mToy Load (0.3ms)[0m  [1m[34mSELECT  "toys".* FROM "toys" WHERE "toys"."toyable_id" = $1 AND "toys"."toyable_type" = $2 LIMIT $3[0m  [["toyable_id", 8], ["toyable_type", "Cat"], ["LIMIT", 11]]
  [1m[36mCat Load (0.4ms)[0m  [1m[34mSELECT "cats".* FROM "cats"[0m
  [1m[36mCat Load (1.1ms)[0m  [1m[34mSELECT  "cats".* FROM "cats" ORDER BY "cats"."id" ASC LIMIT $1[0m  [["LIMIT", 1]]
  [1m[36mToy Load (0.6ms)[0m  [1m[34mSELECT  "toys".* FROM "toys" WHERE "toys"."name" = $1 LIMIT $2[0m  [["name", "lalala"], ["LIMIT", 1]]
  [1m[35m (0.2ms)[0m  [1m[35mBEGIN[0m
  [1m[36mToy Exists (0.4ms)[0m  [1m[34mSELECT  1 AS one FROM "toys" WHERE "toys"."name" = $1 AND "toys"."toyable_id" IS NULL LIMIT $2[0m  [["name", "lalala"], ["LIMIT", 1]]
  [1m[35m (0.3ms)[0m  [1m[31mROLLBACK[0m
  [1m[35m (0.2ms)[0m  [1m[35mBEGIN[0m
  [1m[36mToy Exists (0.4ms)[0m  [1m[34mSELECT  1 AS one FROM "toys" WHERE "toys"."name" = $1 AND "toys"."toyable_id" IS NULL LIMIT $2[0m  [["name", "lalala"], ["LIMIT", 1]]
  [1m[35m (0.2ms)[0m  [1m[31mROLLBACK[0m
  [1m[36mToy Load (0.4ms)[0m  [1m[34mSELECT "toys".* FROM "toys" WHERE "toys"."toyable_id" = $1 AND "toys"."toyable_type" = $2[0m  [["toyable_id", 1], ["toyable_type", "Cat"]]
  [1m[36mCat Load (0.3ms)[0m  [1m[34mSELECT  "cats".* FROM "cats" ORDER BY "cats"."id" ASC LIMIT $1[0m  [["LIMIT", 1]]
  [1m[36mToy Load (0.9ms)[0m  [1m[34mSELECT "toys".* FROM "toys" WHERE "toys"."toyable_id" = $1 AND "toys"."toyable_type" = $2[0m  [["toyable_id", 1], ["toyable_type", "Cat"]]
  [1m[36mToy Load (1.4ms)[0m  [1m[34mSELECT  "toys".* FROM "toys" WHERE "toys"."toyable_id" = $1 AND "toys"."toyable_type" = $2 AND "toys"."name" = $3 LIMIT $4[0m  [["toyable_id", 1], ["toyable_type", "Cat"], ["name", "lalala"], ["LIMIT", 1]]
  [1m[35m (0.5ms)[0m  [1m[35mBEGIN[0m
  [1m[36mCat Load (0.3ms)[0m  [1m[34mSELECT  "cats".* FROM "cats" WHERE "cats"."id" = $1 LIMIT $2[0m  [["id", 1], ["LIMIT", 1]]
  [1m[36mToy Exists (0.5ms)[0m  [1m[34mSELECT  1 AS one FROM "toys" WHERE "toys"."name" = $1 AND "toys"."toyable_type" = 'Cat' AND "toys"."toyable_id" = 1 LIMIT $2[0m  [["name", "lalala"], ["LIMIT", 1]]
  [1m[35mSQL (0.4ms)[0m  [1m[32mINSERT INTO "toys" ("name", "toyable_id", "toyable_type", "created_at", "updated_at") VALUES ($1, $2, $3, $4, $5) RETURNING "id"[0m  [["name", "lalala"], ["toyable_id", 1], ["toyable_type", "Cat"], ["created_at", "2018-01-08 04:28:06.053104"], ["updated_at", "2018-01-08 04:28:06.053104"]]
  [1m[35m (4.8ms)[0m  [1m[35mCOMMIT[0m
  [1m[36mToy Load (0.7ms)[0m  [1m[34mSELECT "toys".* FROM "toys"[0m
